#
# There is insufficient memory for the Java Runtime Environment to continue.
# Native memory allocation (mmap) failed to map 67108864 bytes for Failed to commit area from 0x00000000fc000000 to 0x0000000100000000 of length 67108864.
# Possible reasons:
#   The system is out of physical RAM or swap space
#   The process is running with CompressedOops enabled, and the Java Heap may be blocking the growth of the native heap
# Possible solutions:
#   Reduce memory load on the system
#   Increase physical memory or swap space
#   Check if swap backing store is full
#   Decrease Java heap size (-Xmx/-Xms)
#   Decrease number of Java threads
#   Decrease Java thread stack sizes (-Xss)
#   Set larger code cache with -XX:ReservedCodeCacheSize=
# This output file may be truncated or incomplete.
#
#  Out of Memory Error (t:/workspace/open/src/hotspot/os/windows/os_windows.cpp:3269), pid=10980, tid=9240
#
# JRE version:  (11.0.2+9) (build )
# Java VM: OpenJDK 64-Bit Server VM (11.0.2+9, mixed mode, aot, sharing, tiered, compressed oops, g1 gc, windows-amd64)
# No core dump will be written. Minidumps are not enabled by default on client versions of Windows
#

---------------  S U M M A R Y ------------

Command Line: -Xmx64m -Xms64m -Dorg.gradle.appname=gradlew org.gradle.wrapper.GradleWrapperMain tasks

Host: Intel(R) Core(TM) i7-3540M CPU @ 3.00GHz, 4 cores, 7G,  Windows 10 , 64 bit Build 19041 (10.0.19041.3393)
Time: Fri Sep 15 12:20:51 2023 Pakistan Standard Time elapsed time: 0 seconds (0d 0h 0m 0s)

---------------  T H R E A D  ---------------

Current thread (0x000001ba8e879000):  JavaThread "Unknown thread" [_thread_in_vm, id=9240, stack(0x000000314ab00000,0x000000314ac00000)]

Stack: [0x000000314ab00000,0x000000314ac00000]
Native frames: (J=compiled Java code, j=interpreted, Vv=VM code, C=native code)
V  [jvm.dll+0x63489a]
V  [jvm.dll+0x771f9f]
V  [jvm.dll+0x773648]
V  [jvm.dll+0x773d03]
V  [jvm.dll+0x25eba8]
V  [jvm.dll+0x631d3a]
V  [jvm.dll+0x626775]
V  [jvm.dll+0x313ffc]
V  [jvm.dll+0x313e82]
V  [jvm.dll+0x3196e6]
V  [jvm.dll+0x36579f]
V  [jvm.dll+0x3651c0]
V  [jvm.dll+0x2f0ff8]
V  [jvm.dll+0x2f2156]
V  [jvm.dll+0x74b4f7]
V  [jvm.dll+0x74cc3f]
V  [jvm.dll+0x372609]
V  [jvm.dll+0x731b69]
V  [jvm.dll+0x3e1bad]
V  [jvm.dll+0x3e3e81]
C  [java.exe+0x3607]
C  [java.exe+0x1746c]
C  [KERNEL32.DLL+0x17344]
C  [ntdll.dll+0x526b1]


---------------  P R O C E S S  ---------------

Threads class SMR info:
_java_thread_list=0x000001ba8c680760, length=0, elements={
}

Java Threads: ( => current thread )

Other Threads:
  0x000001ba8e890800 GCTaskThread "GC Thread#0" [stack: 0x000000314ac00000,0x000000314ad00000] [id=7784]
  0x000001ba8e897000 ConcurrentGCThread "G1 Main Marker" [stack: 0x000000314ad00000,0x000000314ae00000] [id=7012]
  0x000001ba8e898800 ConcurrentGCThread "G1 Conc#0" [stack: 0x000000314ae00000,0x000000314af00000] [id=4780]

[error occurred during error reporting (printing all threads), id 0xc0000005, EXCEPTION_ACCESS_VIOLATION (0xc0000005) at pc=0x00007ffe664df5b7]

VM state:not at safepoint (not fully initialized)

VM Mutex/Monitor currently owned by a thread:  ([mutex/lock_event])
[0x000001ba8e8751a0] Heap_lock - owner thread: 0x000001ba8e879000

Heap address: 0x00000000fc000000, size: 64 MB, Compressed Oops mode: Non-zero based: 0x00000000fc000000
Narrow klass base: 0x0000000000000000, Narrow klass shift: 0

GC Heap History (0 events):
No events

Deoptimization events (0 events):
No events

Classes redefined (0 events):
No events

Internal exceptions (0 events):
No events

Events (0 events):
No events


Dynamic libraries:
0x00007ff6ef5e0000 - 0x00007ff6ef625000 	C:\Program Files\jdk-11.0.2\bin\java.exe
0x00007ffee1770000 - 0x00007ffee1968000 	C:\Windows\SYSTEM32\ntdll.dll
0x00007ffee0e60000 - 0x00007ffee0f1d000 	C:\Windows\System32\KERNEL32.DLL
0x00007ffedf410000 - 0x00007ffedf706000 	C:\Windows\System32\KERNELBASE.dll
0x00007ffee1590000 - 0x00007ffee172e000 	C:\Windows\System32\USER32.dll
0x00007ffedf3e0000 - 0x00007ffedf402000 	C:\Windows\System32\win32u.dll
0x00007ffee0af0000 - 0x00007ffee0b1c000 	C:\Windows\System32\GDI32.dll
0x00007ffedf120000 - 0x00007ffedf23a000 	C:\Windows\System32\gdi32full.dll
0x00007ffedf240000 - 0x00007ffedf2dd000 	C:\Windows\System32\msvcp_win.dll
0x00007ffedee50000 - 0x00007ffedef50000 	C:\Windows\System32\ucrtbase.dll
0x00007ffeb1c40000 - 0x00007ffeb1eda000 	C:\Windows\WinSxS\amd64_microsoft.windows.common-controls_6595b64144ccf1df_6.0.19041.1110_none_60b5254171f9507e\COMCTL32.dll
0x00007ffedf7d0000 - 0x00007ffedf86e000 	C:\Windows\System32\msvcrt.dll
0x00007ffedfda0000 - 0x00007ffedfdd0000 	C:\Windows\System32\IMM32.DLL
0x00007ffed9660000 - 0x00007ffed9676000 	C:\Program Files\jdk-11.0.2\bin\vcruntime140.dll
0x00007ffeafde0000 - 0x00007ffeafe8a000 	C:\Program Files\jdk-11.0.2\bin\msvcp140.dll
0x00007ffe661e0000 - 0x00007ffe66d03000 	C:\Program Files\jdk-11.0.2\bin\server\jvm.dll
0x00007ffee1450000 - 0x00007ffee14fe000 	C:\Windows\System32\ADVAPI32.dll
0x00007ffee1320000 - 0x00007ffee13bc000 	C:\Windows\System32\sechost.dll
0x00007ffee1120000 - 0x00007ffee1246000 	C:\Windows\System32\RPCRT4.dll
0x00007ffee0b80000 - 0x00007ffee0b88000 	C:\Windows\System32\PSAPI.DLL
0x00007ffed3a60000 - 0x00007ffed3a87000 	C:\Windows\SYSTEM32\WINMM.dll
0x00007ffed91e0000 - 0x00007ffed91e9000 	C:\Windows\SYSTEM32\WSOCK32.dll
0x00007ffee0bb0000 - 0x00007ffee0c1b000 	C:\Windows\System32\WS2_32.dll
0x00007ffed3ab0000 - 0x00007ffed3aba000 	C:\Windows\SYSTEM32\VERSION.dll
0x00007ffedd660000 - 0x00007ffedd672000 	C:\Windows\SYSTEM32\kernel.appcore.dll
0x00007ffed7cd0000 - 0x00007ffed7ce1000 	C:\Program Files\jdk-11.0.2\bin\verify.dll
0x00007ffeccf30000 - 0x00007ffecd114000 	C:\Windows\SYSTEM32\DBGHELP.DLL
0x00007ffeccb40000 - 0x00007ffeccb74000 	C:\Windows\SYSTEM32\dbgcore.DLL
0x00007ffedf740000 - 0x00007ffedf7c2000 	C:\Windows\System32\bcryptPrimitives.dll
0x00007ffed0800000 - 0x00007ffed0828000 	C:\Program Files\jdk-11.0.2\bin\java.dll
0x00007ffed4640000 - 0x00007ffed4656000 	C:\Program Files\jdk-11.0.2\bin\zip.dll
0x00007ffed07f0000 - 0x00007ffed07fa000 	C:\Program Files\jdk-11.0.2\bin\jimage.dll

dbghelp: loaded successfully - version: 4.0.5 - missing functions: none
symbol engine: initialized successfully - sym options: 0x614 - pdb path: .;C:\Program Files\jdk-11.0.2\bin;C:\Windows\SYSTEM32;C:\Windows\WinSxS\amd64_microsoft.windows.common-controls_6595b64144ccf1df_6.0.19041.1110_none_60b5254171f9507e;C:\Program Files\jdk-11.0.2\bin\server

VM Arguments:
jvm_args: -Xmx64m -Xms64m -Dorg.gradle.appname=gradlew 
java_command: org.gradle.wrapper.GradleWrapperMain tasks
java_class_path (initial): D:\Web app dev course\Class17\Hackhathontask\android\\gradle\wrapper\gradle-wrapper.jar
Launcher Type: SUN_STANDARD

[Global flags]
     intx CICompilerCount                          = 3                                         {product} {ergonomic}
     uint ConcGCThreads                            = 1                                         {product} {ergonomic}
     uint G1ConcRefinementThreads                  = 4                                         {product} {ergonomic}
   size_t G1HeapRegionSize                         = 1048576                                   {product} {ergonomic}
    uintx GCDrainStackTargetSize                   = 64                                        {product} {ergonomic}
   size_t InitialHeapSize                          = 67108864                                  {product} {command line}
   size_t MarkStackSize                            = 4194304                                   {product} {ergonomic}
   size_t MaxHeapSize                              = 67108864                                  {product} {command line}
   size_t MinHeapDeltaBytes                        = 1048576                                   {product} {ergonomic}
    uintx NonNMethodCodeHeapSize                   = 5830092                                {pd product} {ergonomic}
    uintx NonProfiledCodeHeapSize                  = 122914074                              {pd product} {ergonomic}
    uintx ProfiledCodeHeapSize                     = 122914074                              {pd product} {ergonomic}
    uintx ReservedCodeCacheSize                    = 251658240                              {pd product} {ergonomic}
     bool SegmentedCodeCache                       = true                                      {product} {ergonomic}
     bool UseCompressedClassPointers               = true                                 {lp64_product} {ergonomic}
     bool UseCompressedOops                        = true                                 {lp64_product} {ergonomic}
     bool UseG1GC                                  = true                                      {product} {ergonomic}
     bool UseLargePagesIndividualAllocation        = false                                  {pd product} {ergonomic}

Logging:
Log output configuration:
 #0: stdout all=warning uptime,level,tags
 #1: stderr all=off uptime,level,tags

Environment Variables:
JAVA_HOME=C:\Program Files\jdk-11.0.2
CLASSPATH=D:\Web app dev course\Class17\Hackhathontask\android\\gradle\wrapper\gradle-wrapper.jar
PATH=D:\Web app dev course\Class17\Hackhathontask\node_modules\.bin;D:\Web app dev course\Class17\Hackhathontask\node_modules\.bin;D:\Web app dev course\Class17\node_modules\.bin;D:\Web app dev course\node_modules\.bin;D:\node_modules\.bin;C:\Users\hasee\AppData\Roaming\npm\node_modules\npm\node_modules\@npmcli\run-script\lib\node-gyp-bin;D:\Web app dev course\Class17\Hackhathontask\node_modules\.bin;D:\Web app dev course\Class17\node_modules\.bin;D:\Web app dev course\node_modules\.bin;D:\node_modules\.bin;C:\Users\hasee\AppData\Roaming\npm\node_modules\npm\node_modules\@npmcli\run-script\lib\node-gyp-bin;C:\Program Files\jdk-11.0.2\bin;C:\Windows\system32;C:\Windows;C:\Windows\System32\Wbem;C:\Windows\System32\WindowsPowerShell\v1.0\;C:\Windows\System32\OpenSSH\;C:\Program Files\Microsoft SQL Server\150\Tools\Binn\;C:\Program Files\Microsoft SQL Server\Client SDK\ODBC\170\Tools\Binn\;C:\Program Files (x86)\Microsoft SQL Server\150\Tools\Binn\;C:\Program Files\Microsoft SQL Server\150\DTS\Binn\;C:\Program Files (x86)\Microsoft SQL Server\150\DTS\Binn\;C:\Program Files\Azure Data Studio\bin;C:\Program Files\Git\cmd;C:\Program Files\PuTTY\;C:\Program Files\Microsoft SQL Server\120\Tools\Binn\;C:\Users\hasee\node_modules\npm;C:\Program Files\Java\jdk-11\bin;C:\Users\hasee\AppData\Local\Programs\Python\Python311;C:\Users\hasee\AppData\Local\Programs\Python\Python311\Scripts;C:\Program Files\Graphviz\bin;C:\ProgramData\chocolatey\bin;C:\Program Files\nodejs\;C:\Users\hasee\AppData\Local\Android\Sdk\platform-tools;C:\Users\hasee\AppData\Local\Android\Sdk\tools;C:\Users\hasee\AppData\Local\Android\Sdk\tools;C:\Users\hasee\AppData\Local\Microsoft\WindowsApps;C:\Users\hasee\AppData\Local\Programs\Microsoft VS Code\bin;C:\Users\hasee\AppData\Roaming\npm;C:\src\flutter\bin;C:\src\flutter\bin
USERNAME=Haseeb
OS=Windows_NT
PROCESSOR_IDENTIFIER=Intel64 Family 6 Model 58 Stepping 9, GenuineIntel



---------------  S Y S T E M  ---------------

OS: Windows 10 , 64 bit Build 19041 (10.0.19041.3393)

CPU:total 4 (initial active 4) (2 cores per cpu, 2 threads per core) family 6 model 58 stepping 9, cmov, cx8, fxsr, mmx, sse, sse2, sse3, ssse3, sse4.1, sse4.2, popcnt, avx, aes, clmul, erms, ht, tsc, tscinvbit, tscinv

Memory: 4k page, system-wide physical 8065M (518M free)
TotalPageFile size 10113M (AvailPageFile size 13M)
current process WorkingSet (physical memory assigned to process): 9M, peak: 9M
current process commit charge ("private bytes"): 51M, peak: 115M

vm_info: OpenJDK 64-Bit Server VM (11.0.2+9) for windows-amd64 JRE (11.0.2+9), built on Jan 18 2019 05:23:22 by "mach5one" with MS VC++ 15.5 (VS2017)

END.
