#
# There is insufficient memory for the Java Runtime Environment to continue.
# Native memory allocation (mmap) failed to map 349175808 bytes for Failed to commit area from 0x0000000098000000 to 0x00000000acd00000 of length 349175808.
# Possible reasons:
#   The system is out of physical RAM or swap space
#   The process is running with CompressedOops enabled, and the Java Heap may be blocking the growth of the native heap
# Possible solutions:
#   Reduce memory load on the system
#   Increase physical memory or swap space
#   Check if swap backing store is full
#   Decrease Java heap size (-Xmx/-Xms)
#   Decrease number of Java threads
#   Decrease Java thread stack sizes (-Xss)
#   Set larger code cache with -XX:ReservedCodeCacheSize=
#   JVM is running with Unscaled Compressed Oops mode in which the Java heap is
#     placed in the first 4GB address space. The Java Heap base address is the
#     maximum limit for the native heap growth. Please use -XX:HeapBaseMinAddress
#     to set the Java Heap base and to place the Java Heap above 4GB virtual address.
# This output file may be truncated or incomplete.
#
#  Out of Memory Error (t:/workspace/open/src/hotspot/os/windows/os_windows.cpp:3269), pid=2700, tid=15764
#
# JRE version: OpenJDK Runtime Environment (11.0.2+9) (build 11.0.2+9)
# Java VM: OpenJDK 64-Bit Server VM (11.0.2+9, mixed mode, tiered, compressed oops, g1 gc, windows-amd64)
# No core dump will be written. Minidumps are not enabled by default on client versions of Windows
#

---------------  S U M M A R Y ------------

Command Line: -XX:MaxMetaspaceSize=512m --add-opens=java.base/java.util=ALL-UNNAMED --add-opens=java.base/java.lang=ALL-UNNAMED --add-opens=java.base/java.lang.invoke=ALL-UNNAMED --add-opens=java.prefs/java.util.prefs=ALL-UNNAMED --add-opens=java.base/java.nio.charset=ALL-UNNAMED --add-opens=java.base/java.net=ALL-UNNAMED --add-opens=java.base/java.util.concurrent.atomic=ALL-UNNAMED -Xmx2048m -Dfile.encoding=windows-1252 -Duser.country=US -Duser.language=en -Duser.variant org.gradle.launcher.daemon.bootstrap.GradleDaemon 8.0.1

Host: Intel(R) Core(TM) i7-3540M CPU @ 3.00GHz, 4 cores, 7G,  Windows 10 , 64 bit Build 19041 (10.0.19041.3155)
Time: Mon Sep 11 00:00:07 2023 Pakistan Standard Time elapsed time: 3529 seconds (0d 0h 58m 49s)

---------------  T H R E A D  ---------------

Current thread (0x0000017448889800):  VMThread "VM Thread" [stack: 0x000000118a900000,0x000000118aa00000] [id=15764]

Stack: [0x000000118a900000,0x000000118aa00000]
[error occurred during error reporting (printing stack bounds), id 0xc0000005, EXCEPTION_ACCESS_VIOLATION (0xc0000005) at pc=0x0000017432050bad]

Native frames: (J=compiled Java code, j=interpreted, Vv=VM code, C=native code)
V  [jvm.dll+0x63489a]
V  [jvm.dll+0x771f9f]
V  [jvm.dll+0x773648]
V  [jvm.dll+0x773c65]
V  [jvm.dll+0x773c1b]
V  [jvm.dll+0x633fa6]
V  [jvm.dll+0x634368]
C  [ntdll.dll+0xa23df]
C  [ntdll.dll+0x514b4]
C  [ntdll.dll+0xa0eee]
C  0x0000017432050bad

VM_Operation (0x000000118f5f8660): G1CollectForAllocation, mode: safepoint, requested by thread 0x000001744d189800


---------------  P R O C E S S  ---------------

Threads class SMR info:
_java_thread_list=0x0000017454ad2d50, length=92, elements={
0x0000017429cdc800, 0x000001744888d000, 0x0000017448898800, 0x00000174488ed800,
0x00000174488ee800, 0x00000174488f0000, 0x00000174488f6000, 0x000001744922a000,
0x0000017449380000, 0x00000174493b4000, 0x000001744b144800, 0x000001744aa57000,
0x000001744b3df000, 0x000001744b5b3800, 0x000001744b5af800, 0x000001744b5b5000,
0x000001744b5b2800, 0x000001744b5b6000, 0x000001744b5b1000, 0x000001744a6a0800,
0x000001744a6a2800, 0x000001744a6a7000, 0x000001744a6a4000, 0x000001744a6a5800,
0x000001744a6a1800, 0x000001744a564800, 0x000001744d181800, 0x000001744d183000,
0x000001744a6aa800, 0x0000017453797800, 0x000001745379a000, 0x0000017453798800,
0x0000017453799000, 0x0000017453794800, 0x000001745379b000, 0x0000017453795000,
0x000001745379b800, 0x0000017453796000, 0x000001745379c800, 0x0000017453796800,
0x000001745379f800, 0x00000174537a2000, 0x00000174537a3000, 0x000001745379d800,
0x000001745379e000, 0x00000174537a0800, 0x000001745379f000, 0x00000174537a1800,
0x000001744a55c800, 0x000001744a55e000, 0x000001744a559000, 0x000001744a55f000,
0x000001744a55a000, 0x000001744a55d800, 0x000001744a560800, 0x000001744a560000,
0x000001744a55b000, 0x000001744a55b800, 0x000001744a563000, 0x000001744a562000,
0x000001744a564000, 0x000001744a565800, 0x000001744a566800, 0x000001744a567000,
0x000001744a561800, 0x000001744a568000, 0x000001744d185800, 0x000001744d180000,
0x000001744d188000, 0x000001744d184000, 0x000001744d186800, 0x000001744d187000,
0x000001744d182800, 0x000001744d189800, 0x000001744d18d800, 0x000001744d18e800,
0x000001744d18d000, 0x000001744d18c000, 0x000001744d18a800, 0x000001744d189000,
0x000001744d18b800, 0x000001744a6a6800, 0x000001744a6a9000, 0x000001744a6a8000,
0x000001744a6a3000, 0x000001744a6af800, 0x000001744a6ae800, 0x000001744a6ad000,
0x000001744a6ac000, 0x000001744b5b4000, 0x000001744b5b0000, 0x000001744d180800
}

Java Threads: ( => current thread )
  0x0000017429cdc800 JavaThread "main" [_thread_blocked, id=12024, stack(0x000000118a300000,0x000000118a400000)]
  0x000001744888d000 JavaThread "Reference Handler" daemon [_thread_blocked, id=12456, stack(0x000000118aa00000,0x000000118ab00000)]
  0x0000017448898800 JavaThread "Finalizer" daemon [_thread_blocked, id=15328, stack(0x000000118ab00000,0x000000118ac00000)]
  0x00000174488ed800 JavaThread "Signal Dispatcher" daemon [_thread_blocked, id=9244, stack(0x000000118ac00000,0x000000118ad00000)]
  0x00000174488ee800 JavaThread "Attach Listener" daemon [_thread_blocked, id=15624, stack(0x000000118ad00000,0x000000118ae00000)]
  0x00000174488f0000 JavaThread "C2 CompilerThread0" daemon [_thread_blocked, id=14772, stack(0x000000118ae00000,0x000000118af00000)]
  0x00000174488f6000 JavaThread "C1 CompilerThread0" daemon [_thread_blocked, id=16108, stack(0x000000118af00000,0x000000118b000000)]
  0x000001744922a000 JavaThread "Sweeper thread" daemon [_thread_blocked, id=388, stack(0x000000118b000000,0x000000118b100000)]
  0x0000017449380000 JavaThread "Common-Cleaner" daemon [_thread_blocked, id=13864, stack(0x000000118b100000,0x000000118b200000)]
  0x00000174493b4000 JavaThread "Service Thread" daemon [_thread_blocked, id=7876, stack(0x000000118b200000,0x000000118b300000)]
  0x000001744b144800 JavaThread "Daemon health stats" [_thread_blocked, id=15456, stack(0x000000118b400000,0x000000118b500000)]
  0x000001744aa57000 JavaThread "Incoming local TCP Connector on port 64821" [_thread_in_native, id=7288, stack(0x000000118b900000,0x000000118ba00000)]
  0x000001744b3df000 JavaThread "Daemon periodic checks" [_thread_blocked, id=14312, stack(0x000000118ba00000,0x000000118bb00000)]
  0x000001744b5b3800 JavaThread "Cache worker for journal cache (C:\Users\hasee\.gradle\caches\journal-1)" [_thread_blocked, id=5516, stack(0x000000118c200000,0x000000118c300000)]
  0x000001744b5af800 JavaThread "File lock request listener" [_thread_in_native, id=13236, stack(0x000000118c300000,0x000000118c400000)]
  0x000001744b5b5000 JavaThread "Cache worker for file hash cache (C:\Users\hasee\.gradle\caches\8.0.1\fileHashes)" [_thread_blocked, id=11304, stack(0x000000118c400000,0x000000118c500000)]
  0x000001744b5b2800 JavaThread "File watcher server" daemon [_thread_blocked, id=8052, stack(0x000000118c500000,0x000000118c600000)]
  0x000001744b5b6000 JavaThread "File watcher consumer" daemon [_thread_blocked, id=10524, stack(0x000000118c600000,0x000000118c700000)]
  0x000001744b5b1000 JavaThread "Cache worker for file content cache (C:\Users\hasee\.gradle\caches\8.0.1\fileContent)" [_thread_blocked, id=8132, stack(0x000000118c900000,0x000000118ca00000)]
  0x000001744a6a0800 JavaThread "Cache worker for execution history cache (C:\Users\hasee\.gradle\caches\8.0.1\executionHistory)" [_thread_blocked, id=2196, stack(0x000000118cd00000,0x000000118ce00000)]
  0x000001744a6a2800 JavaThread "jar transforms" [_thread_blocked, id=16312, stack(0x000000118ce00000,0x000000118cf00000)]
  0x000001744a6a7000 JavaThread "jar transforms Thread 2" [_thread_blocked, id=4224, stack(0x000000118cf00000,0x000000118d000000)]
  0x000001744a6a4000 JavaThread "jar transforms Thread 3" [_thread_blocked, id=11180, stack(0x000000118d000000,0x000000118d100000)]
  0x000001744a6a5800 JavaThread "jar transforms Thread 4" [_thread_blocked, id=8008, stack(0x000000118d100000,0x000000118d200000)]
  0x000001744a6a1800 JavaThread "Cache worker for kotlin-dsl (C:\Users\hasee\.gradle\caches\8.0.1\kotlin-dsl)" [_thread_blocked, id=12040, stack(0x000000118d200000,0x000000118d300000)]
  0x000001744a564800 JavaThread "Memory manager" [_thread_blocked, id=2308, stack(0x000000118ef00000,0x000000118f000000)]
  0x000001744d181800 JavaThread "Daemon Thread 2" [_thread_blocked, id=10412, stack(0x000000118a000000,0x000000118a100000)]
  0x000001744d183000 JavaThread "Daemon worker Thread 2" [_thread_blocked, id=1164, stack(0x000000118bb00000,0x000000118bc00000)]
  0x000001744a6aa800 JavaThread "included builds" [_thread_blocked, id=8360, stack(0x000000118ed00000,0x000000118ee00000)]
  0x0000017453797800 JavaThread "Handler for socket connection from /127.0.0.1:64821 to /127.0.0.1:56210" [_thread_in_native, id=10040, stack(0x000000118a100000,0x000000118a200000)]
  0x000001745379a000 JavaThread "Cancel handler" [_thread_blocked, id=10048, stack(0x000000118a200000,0x000000118a300000)]
  0x0000017453798800 JavaThread "Asynchronous log dispatcher for DefaultDaemonConnection: socket connection from /127.0.0.1:64821 to /127.0.0.1:56210" [_thread_blocked, id=6928, stack(0x000000118bc00000,0x000000118bd00000)]
  0x0000017453799000 JavaThread "Stdin handler" [_thread_blocked, id=13780, stack(0x000000118bd00000,0x000000118be00000)]
  0x0000017453794800 JavaThread "Daemon client event forwarder" [_thread_blocked, id=9312, stack(0x000000118be00000,0x000000118bf00000)]
  0x000001745379b000 JavaThread "Cache worker for checksums cache (C:\Windows\System32\Hackhathontask\android\.gradle\8.0.1\checksums)" [_thread_blocked, id=13404, stack(0x000000118bf00000,0x000000118c000000)]
  0x0000017453795000 JavaThread "Cache worker for cache directory md-rule (C:\Users\hasee\.gradle\caches\8.0.1\md-rule)" [_thread_blocked, id=11104, stack(0x000000118c000000,0x000000118c100000)]
  0x000001745379b800 JavaThread "Cache worker for file hash cache (C:\Windows\System32\Hackhathontask\android\.gradle\8.0.1\fileHashes)" [_thread_blocked, id=16324, stack(0x000000118c100000,0x000000118c200000)]
  0x0000017453796000 JavaThread "Cache worker for cache directory md-supplier (C:\Users\hasee\.gradle\caches\8.0.1\md-supplier)" [_thread_blocked, id=3984, stack(0x000000118c700000,0x000000118c800000)]
  0x000001745379c800 JavaThread "Cache worker for dependencies-accessors (C:\Windows\System32\Hackhathontask\android\.gradle\8.0.1\dependencies-accessors)" [_thread_blocked, id=12304, stack(0x000000118c800000,0x000000118c900000)]
  0x0000017453796800 JavaThread "Cache worker for Build Output Cleanup Cache (C:\Windows\System32\Hackhathontask\node_modules\@react-native\gradle-plugin\.gradle\buildOutputCleanup)" [_thread_blocked, id=15480, stack(0x000000118ca00000,0x000000118cb00000)]
  0x000001745379f800 JavaThread "Unconstrained build operations" [_thread_blocked, id=2628, stack(0x000000118cb00000,0x000000118cc00000)]
  0x00000174537a2000 JavaThread "Unconstrained build operations Thread 2" [_thread_blocked, id=108, stack(0x000000118cc00000,0x000000118cd00000)]
  0x00000174537a3000 JavaThread "Unconstrained build operations Thread 3" [_thread_blocked, id=6832, stack(0x000000118d300000,0x000000118d400000)]
  0x000001745379d800 JavaThread "Unconstrained build operations Thread 4" [_thread_blocked, id=3788, stack(0x000000118d400000,0x000000118d500000)]
  0x000001745379e000 JavaThread "Unconstrained build operations Thread 5" [_thread_blocked, id=4732, stack(0x000000118d500000,0x000000118d600000)]
  0x00000174537a0800 JavaThread "Unconstrained build operations Thread 6" [_thread_blocked, id=14064, stack(0x000000118d600000,0x000000118d700000)]
  0x000001745379f000 JavaThread "Unconstrained build operations Thread 7" [_thread_blocked, id=11904, stack(0x000000118d700000,0x000000118d800000)]
  0x00000174537a1800 JavaThread "Unconstrained build operations Thread 8" [_thread_blocked, id=8072, stack(0x000000118d800000,0x000000118d900000)]
  0x000001744a55c800 JavaThread "Unconstrained build operations Thread 9" [_thread_blocked, id=5480, stack(0x000000118d900000,0x000000118da00000)]
  0x000001744a55e000 JavaThread "Unconstrained build operations Thread 10" [_thread_blocked, id=8512, stack(0x000000118da00000,0x000000118db00000)]
  0x000001744a559000 JavaThread "Unconstrained build operations Thread 11" [_thread_blocked, id=2116, stack(0x000000118db00000,0x000000118dc00000)]
  0x000001744a55f000 JavaThread "Unconstrained build operations Thread 12" [_thread_blocked, id=13976, stack(0x000000118dc00000,0x000000118dd00000)]
  0x000001744a55a000 JavaThread "Unconstrained build operations Thread 13" [_thread_blocked, id=9188, stack(0x000000118dd00000,0x000000118de00000)]
  0x000001744a55d800 JavaThread "Unconstrained build operations Thread 14" [_thread_blocked, id=12708, stack(0x000000118de00000,0x000000118df00000)]
  0x000001744a560800 JavaThread "Unconstrained build operations Thread 15" [_thread_blocked, id=15688, stack(0x000000118df00000,0x000000118e000000)]
  0x000001744a560000 JavaThread "Unconstrained build operations Thread 16" [_thread_blocked, id=14496, stack(0x000000118e000000,0x000000118e100000)]
  0x000001744a55b000 JavaThread "Unconstrained build operations Thread 17" [_thread_blocked, id=7752, stack(0x000000118e100000,0x000000118e200000)]
  0x000001744a55b800 JavaThread "Unconstrained build operations Thread 18" [_thread_blocked, id=7396, stack(0x000000118e200000,0x000000118e300000)]
  0x000001744a563000 JavaThread "Unconstrained build operations Thread 19" [_thread_blocked, id=14152, stack(0x000000118e300000,0x000000118e400000)]
  0x000001744a562000 JavaThread "Unconstrained build operations Thread 20" [_thread_blocked, id=8592, stack(0x000000118e400000,0x000000118e500000)]
  0x000001744a564000 JavaThread "Unconstrained build operations Thread 21" [_thread_blocked, id=5336, stack(0x000000118e500000,0x000000118e600000)]
  0x000001744a565800 JavaThread "Unconstrained build operations Thread 22" [_thread_blocked, id=6876, stack(0x000000118e600000,0x000000118e700000)]
  0x000001744a566800 JavaThread "Unconstrained build operations Thread 23" [_thread_blocked, id=12676, stack(0x000000118e700000,0x000000118e800000)]
  0x000001744a567000 JavaThread "Unconstrained build operations Thread 24" [_thread_blocked, id=12612, stack(0x000000118e800000,0x000000118e900000)]
  0x000001744a561800 JavaThread "Unconstrained build operations Thread 25" [_thread_blocked, id=1116, stack(0x000000118e900000,0x000000118ea00000)]
  0x000001744a568000 JavaThread "Unconstrained build operations Thread 26" [_thread_blocked, id=9016, stack(0x000000118ea00000,0x000000118eb00000)]
  0x000001744d185800 JavaThread "Cache worker for Build Output Cleanup Cache (C:\Windows\System32\Hackhathontask\android\.gradle\buildOutputCleanup)" [_thread_blocked, id=2156, stack(0x000000118eb00000,0x000000118ec00000)]
  0x000001744d180000 JavaThread "included builds" [_thread_blocked, id=16160, stack(0x000000118ee00000,0x000000118ef00000)]
  0x000001744d188000 JavaThread "Execution worker" [_thread_blocked, id=8664, stack(0x000000118f000000,0x000000118f100000)]
  0x000001744d184000 JavaThread "Execution worker Thread 2" [_thread_blocked, id=2620, stack(0x000000118f100000,0x000000118f200000)]
  0x000001744d186800 JavaThread "Execution worker Thread 3" [_thread_blocked, id=11832, stack(0x000000118f200000,0x000000118f300000)]
  0x000001744d187000 JavaThread "Cache worker for execution history cache (C:\Windows\System32\Hackhathontask\node_modules\@react-native\gradle-plugin\.gradle\8.0.1\executionHistory)" [_thread_blocked, id=15732, stack(0x000000118f300000,0x000000118f400000)]
  0x000001744d182800 JavaThread "Unconstrained build operations Thread 27" [_thread_blocked, id=9708, stack(0x000000118f400000,0x000000118f500000)]
  0x000001744d189800 JavaThread "Unconstrained build operations Thread 28" [_thread_blocked, id=8212, stack(0x000000118f500000,0x000000118f600000)]
  0x000001744d18d800 JavaThread "Unconstrained build operations Thread 29" [_thread_blocked, id=15924, stack(0x000000118f600000,0x000000118f700000)]
  0x000001744d18e800 JavaThread "Unconstrained build operations Thread 30" [_thread_blocked, id=9356, stack(0x000000118f700000,0x000000118f800000)]
  0x000001744d18d000 JavaThread "Unconstrained build operations Thread 31" [_thread_blocked, id=14956, stack(0x000000118f800000,0x000000118f900000)]
  0x000001744d18c000 JavaThread "Unconstrained build operations Thread 32" [_thread_blocked, id=13416, stack(0x000000118f900000,0x000000118fa00000)]
  0x000001744d18a800 JavaThread "Unconstrained build operations Thread 33" [_thread_blocked, id=9608, stack(0x000000118fa00000,0x000000118fb00000)]
  0x000001744d189000 JavaThread "Unconstrained build operations Thread 34" [_thread_blocked, id=9372, stack(0x000000118fb00000,0x000000118fc00000)]
  0x000001744d18b800 JavaThread "Unconstrained build operations Thread 35" [_thread_blocked, id=8400, stack(0x000000118fc00000,0x000000118fd00000)]
  0x000001744a6a6800 JavaThread "Unconstrained build operations Thread 36" [_thread_blocked, id=8968, stack(0x000000118fd00000,0x000000118fe00000)]
  0x000001744a6a9000 JavaThread "Unconstrained build operations Thread 37" [_thread_blocked, id=11504, stack(0x000000118fe00000,0x000000118ff00000)]
  0x000001744a6a8000 JavaThread "Unconstrained build operations Thread 38" [_thread_blocked, id=4140, stack(0x000000118ff00000,0x0000001190000000)]
  0x000001744a6a3000 JavaThread "Unconstrained build operations Thread 39" [_thread_blocked, id=14636, stack(0x0000001190000000,0x0000001190100000)]
  0x000001744a6af800 JavaThread "Unconstrained build operations Thread 40" [_thread_blocked, id=1156, stack(0x0000001190100000,0x0000001190200000)]
  0x000001744a6ae800 JavaThread "Cache worker for execution history cache (C:\Windows\System32\Hackhathontask\android\.gradle\8.0.1\executionHistory)" [_thread_blocked, id=5560, stack(0x0000001190200000,0x0000001190300000)]
  0x000001744a6ad000 JavaThread "WorkerExecutor Queue" [_thread_blocked, id=10676, stack(0x000000118ec00000,0x000000118ed00000)]
  0x000001744a6ac000 JavaThread "pool-8-thread-1" [_thread_blocked, id=8856, stack(0x0000001190400000,0x0000001190500000)]
  0x000001744b5b4000 JavaThread "stderr" [_thread_in_native, id=4128, stack(0x0000001190500000,0x0000001190600000)]
  0x000001744b5b0000 JavaThread "stdout" [_thread_in_native, id=6956, stack(0x0000001190600000,0x0000001190700000)]
  0x000001744d180800 JavaThread "C2 CompilerThread1" daemon [_thread_blocked, id=16288, stack(0x0000001190300000,0x0000001190400000)]

Other Threads:
=>0x0000017448889800 VMThread "VM Thread" [stack: 0x000000118a900000,0x000000118aa00000] [id=15764]
  0x00000174493b5000 WatcherThread [stack: 0x000000118b300000,0x000000118b400000] [id=1300]
  0x0000017429cf2000 GCTaskThread "GC Thread#0" [stack: 0x000000118a400000,0x000000118a500000] [id=13508]
  0x000001744962c800 GCTaskThread "GC Thread#1" [stack: 0x000000118b500000,0x000000118b600000] [id=6236]
  0x00000174497af800 GCTaskThread "GC Thread#2" [stack: 0x000000118b600000,0x000000118b700000] [id=10604]
  0x000001744b311800 GCTaskThread "GC Thread#3" [stack: 0x000000118b700000,0x000000118b800000] [id=9072]
  0x0000017429d22800 ConcurrentGCThread "G1 Main Marker" [stack: 0x000000118a500000,0x000000118a600000] [id=14392]
  0x0000017429d24000 ConcurrentGCThread "G1 Conc#0" [stack: 0x000000118a600000,0x000000118a700000] [id=5456]
  0x0000017429db7800 ConcurrentGCThread "G1 Refine#0" [stack: 0x000000118a700000,0x000000118a800000] [id=14684]
  0x000001744a153000 ConcurrentGCThread "G1 Refine#1" [stack: 0x000000118b800000,0x000000118b900000] [id=12924]
  0x0000017429db8800 ConcurrentGCThread "G1 Young RemSet Sampling" [stack: 0x000000118a800000,0x000000118a900000] [id=14360]

Threads with active compile tasks:
C2 CompilerThread021463       4       com.android.tools.r8.internal.jO::a (447 bytes)
C2 CompilerThread121755       4       com.android.tools.r8.internal.hO::a (520 bytes)

VM state:at safepoint (normal execution)

VM Mutex/Monitor currently owned by a thread:  ([mutex/lock_event])
[0x0000017429cd8de0] Threads_lock - owner thread: 0x0000017448889800
[0x0000017429cd7d90] Heap_lock - owner thread: 0x000001744d189800

Heap address: 0x0000000080000000, size: 2048 MB, Compressed Oops mode: 32-bit
Narrow klass base: 0x0000000000000000, Narrow klass shift: 3
Compressed class space size: 528482304 Address: 0x0000000100000000

Heap:
 garbage-first heap   total 734208K, used 144778K [0x0000000080000000, 0x0000000100000000)
  region size 1024K, 13 young (13312K), 13 survivors (13312K)
 Metaspace       used 125616K, capacity 129422K, committed 131240K, reserved 630784K
  class space    used 16120K, capacity 17605K, committed 18328K, reserved 516096K
Heap Regions: E=young(eden), S=young(survivor), O=old, HS=humongous(starts), HC=humongous(continues), CS=collection set, F=free, A=archive, TAMS=top-at-mark-start (previous, next)
|   0|0x0000000080000000, 0x0000000080100000, 0x0000000080100000|100%| O|  |TAMS 0x0000000080100000, 0x0000000080000000| Untracked 
|   1|0x0000000080100000, 0x0000000080200000, 0x0000000080200000|100%| O|  |TAMS 0x0000000080200000, 0x0000000080100000| Untracked 
|   2|0x0000000080200000, 0x0000000080300000, 0x0000000080300000|100%| O|  |TAMS 0x0000000080300000, 0x0000000080200000| Untracked 
|   3|0x0000000080300000, 0x0000000080400000, 0x0000000080400000|100%|HS|  |TAMS 0x0000000080400000, 0x0000000080300000| Complete 
|   4|0x0000000080400000, 0x0000000080500000, 0x0000000080500000|100%|HC|  |TAMS 0x0000000080500000, 0x0000000080400000| Complete 
|   5|0x0000000080500000, 0x0000000080600000, 0x0000000080600000|100%|HC|  |TAMS 0x0000000080600000, 0x0000000080500000| Complete 
|   6|0x0000000080600000, 0x0000000080700000, 0x0000000080700000|100%|HC|  |TAMS 0x0000000080700000, 0x0000000080600000| Complete 
|   7|0x0000000080700000, 0x0000000080800000, 0x0000000080800000|100%| O|  |TAMS 0x0000000080800000, 0x0000000080700000| Untracked 
|   8|0x0000000080800000, 0x0000000080900000, 0x0000000080900000|100%| O|  |TAMS 0x0000000080900000, 0x0000000080800000| Untracked 
|   9|0x0000000080900000, 0x0000000080a00000, 0x0000000080a00000|100%| O|  |TAMS 0x0000000080a00000, 0x0000000080900000| Untracked 
|  10|0x0000000080a00000, 0x0000000080b00000, 0x0000000080b00000|100%| O|  |TAMS 0x0000000080b00000, 0x0000000080a00000| Untracked 
|  11|0x0000000080b00000, 0x0000000080c00000, 0x0000000080c00000|100%| O|  |TAMS 0x0000000080c00000, 0x0000000080b00000| Untracked 
|  12|0x0000000080c00000, 0x0000000080d00000, 0x0000000080d00000|100%| O|  |TAMS 0x0000000080d00000, 0x0000000080c00000| Untracked 
|  13|0x0000000080d00000, 0x0000000080e00000, 0x0000000080e00000|100%| O|  |TAMS 0x0000000080e00000, 0x0000000080d00000| Untracked 
|  14|0x0000000080e00000, 0x0000000080f00000, 0x0000000080f00000|100%| O|  |TAMS 0x0000000080f00000, 0x0000000080e00000| Untracked 
|  15|0x0000000080f00000, 0x0000000081000000, 0x0000000081000000|100%| O|  |TAMS 0x0000000081000000, 0x0000000080f00000| Untracked 
|  16|0x0000000081000000, 0x0000000081100000, 0x0000000081100000|100%| O|  |TAMS 0x0000000081100000, 0x0000000081000000| Untracked 
|  17|0x0000000081100000, 0x0000000081200000, 0x0000000081200000|100%| O|  |TAMS 0x0000000081200000, 0x0000000081100000| Untracked 
|  18|0x0000000081200000, 0x0000000081300000, 0x0000000081300000|100%| O|  |TAMS 0x0000000081300000, 0x0000000081200000| Untracked 
|  19|0x0000000081300000, 0x0000000081400000, 0x0000000081400000|100%| O|  |TAMS 0x0000000081400000, 0x0000000081300000| Untracked 
|  20|0x0000000081400000, 0x0000000081500000, 0x0000000081500000|100%| O|  |TAMS 0x0000000081500000, 0x0000000081400000| Untracked 
|  21|0x0000000081500000, 0x0000000081600000, 0x0000000081600000|100%| O|  |TAMS 0x0000000081600000, 0x0000000081500000| Untracked 
|  22|0x0000000081600000, 0x0000000081700000, 0x0000000081700000|100%| O|  |TAMS 0x0000000081700000, 0x0000000081600000| Untracked 
|  23|0x0000000081700000, 0x0000000081800000, 0x0000000081800000|100%| O|  |TAMS 0x0000000081800000, 0x0000000081700000| Untracked 
|  24|0x0000000081800000, 0x0000000081900000, 0x0000000081900000|100%| O|  |TAMS 0x0000000081900000, 0x0000000081800000| Untracked 
|  25|0x0000000081900000, 0x0000000081a00000, 0x0000000081a00000|100%| O|  |TAMS 0x0000000081a00000, 0x0000000081900000| Untracked 
|  26|0x0000000081a00000, 0x0000000081b00000, 0x0000000081b00000|100%| O|  |TAMS 0x0000000081b00000, 0x0000000081a00000| Untracked 
|  27|0x0000000081b00000, 0x0000000081c00000, 0x0000000081c00000|100%| O|  |TAMS 0x0000000081c00000, 0x0000000081b00000| Untracked 
|  28|0x0000000081c00000, 0x0000000081d00000, 0x0000000081d00000|100%|HS|  |TAMS 0x0000000081d00000, 0x0000000081c00000| Complete 
|  29|0x0000000081d00000, 0x0000000081e00000, 0x0000000081e00000|100%|HC|  |TAMS 0x0000000081e00000, 0x0000000081d00000| Complete 
|  30|0x0000000081e00000, 0x0000000081f00000, 0x0000000081f00000|100%|HS|  |TAMS 0x0000000081f00000, 0x0000000081e00000| Complete 
|  31|0x0000000081f00000, 0x0000000082000000, 0x0000000082000000|100%|HC|  |TAMS 0x0000000082000000, 0x0000000081f00000| Complete 
|  32|0x0000000082000000, 0x0000000082100000, 0x0000000082100000|100%|HC|  |TAMS 0x0000000082100000, 0x0000000082000000| Complete 
|  33|0x0000000082100000, 0x0000000082200000, 0x0000000082200000|100%|HC|  |TAMS 0x0000000082200000, 0x0000000082100000| Complete 
|  34|0x0000000082200000, 0x0000000082300000, 0x0000000082300000|100%| O|  |TAMS 0x0000000082300000, 0x0000000082200000| Untracked 
|  35|0x0000000082300000, 0x0000000082400000, 0x0000000082400000|100%| O|  |TAMS 0x0000000082400000, 0x0000000082300000| Untracked 
|  36|0x0000000082400000, 0x0000000082500000, 0x0000000082500000|100%| O|  |TAMS 0x0000000082500000, 0x0000000082400000| Untracked 
|  37|0x0000000082500000, 0x0000000082600000, 0x0000000082600000|100%| O|  |TAMS 0x0000000082600000, 0x0000000082500000| Untracked 
|  38|0x0000000082600000, 0x0000000082700000, 0x0000000082700000|100%| O|  |TAMS 0x0000000082700000, 0x0000000082600000| Untracked 
|  39|0x0000000082700000, 0x0000000082800000, 0x0000000082800000|100%| O|  |TAMS 0x0000000082800000, 0x0000000082700000| Untracked 
|  40|0x0000000082800000, 0x0000000082900000, 0x0000000082900000|100%| O|  |TAMS 0x0000000082900000, 0x0000000082800000| Untracked 
|  41|0x0000000082900000, 0x0000000082a00000, 0x0000000082a00000|100%| O|  |TAMS 0x0000000082a00000, 0x0000000082900000| Untracked 
|  42|0x0000000082a00000, 0x0000000082b00000, 0x0000000082b00000|100%| O|  |TAMS 0x0000000082b00000, 0x0000000082a00000| Untracked 
|  43|0x0000000082b00000, 0x0000000082c00000, 0x0000000082c00000|100%| O|  |TAMS 0x0000000082c00000, 0x0000000082b00000| Untracked 
|  44|0x0000000082c00000, 0x0000000082d00000, 0x0000000082d00000|100%| O|  |TAMS 0x0000000082d00000, 0x0000000082c00000| Untracked 
|  45|0x0000000082d00000, 0x0000000082e00000, 0x0000000082e00000|100%| O|  |TAMS 0x0000000082e00000, 0x0000000082d00000| Untracked 
|  46|0x0000000082e00000, 0x0000000082f00000, 0x0000000082f00000|100%| O|  |TAMS 0x0000000082f00000, 0x0000000082e00000| Untracked 
|  47|0x0000000082f00000, 0x0000000083000000, 0x0000000083000000|100%| O|  |TAMS 0x0000000083000000, 0x0000000082f00000| Untracked 
|  48|0x0000000083000000, 0x0000000083100000, 0x0000000083100000|100%| O|  |TAMS 0x0000000083100000, 0x0000000083000000| Untracked 
|  49|0x0000000083100000, 0x0000000083200000, 0x0000000083200000|100%|HS|  |TAMS 0x0000000083200000, 0x0000000083100000| Complete 
|  50|0x0000000083200000, 0x0000000083300000, 0x0000000083300000|100%|HS|  |TAMS 0x0000000083300000, 0x0000000083200000| Complete 
|  51|0x0000000083300000, 0x0000000083400000, 0x0000000083400000|100%| O|  |TAMS 0x0000000083400000, 0x0000000083300000| Untracked 
|  52|0x0000000083400000, 0x0000000083400000, 0x0000000083500000|  0%| F|  |TAMS 0x0000000083400000, 0x0000000083400000| Untracked 
|  53|0x0000000083500000, 0x0000000083500000, 0x0000000083600000|  0%| F|  |TAMS 0x0000000083500000, 0x0000000083500000| Untracked 
|  54|0x0000000083600000, 0x0000000083700000, 0x0000000083700000|100%| O|  |TAMS 0x0000000083700000, 0x0000000083600000| Untracked 
|  55|0x0000000083700000, 0x0000000083800000, 0x0000000083800000|100%| O|  |TAMS 0x0000000083800000, 0x0000000083700000| Untracked 
|  56|0x0000000083800000, 0x0000000083900000, 0x0000000083900000|100%| O|  |TAMS 0x0000000083900000, 0x0000000083800000| Untracked 
|  57|0x0000000083900000, 0x0000000083a00000, 0x0000000083a00000|100%| O|  |TAMS 0x0000000083a00000, 0x0000000083900000| Untracked 
|  58|0x0000000083a00000, 0x0000000083b00000, 0x0000000083b00000|100%| O|  |TAMS 0x0000000083b00000, 0x0000000083a00000| Untracked 
|  59|0x0000000083b00000, 0x0000000083c00000, 0x0000000083c00000|100%| O|  |TAMS 0x0000000083b00000, 0x0000000083b00000| Untracked 
|  60|0x0000000083c00000, 0x0000000083c00000, 0x0000000083d00000|  0%| F|  |TAMS 0x0000000083c00000, 0x0000000083c00000| Untracked 
|  61|0x0000000083d00000, 0x0000000083e00000, 0x0000000083e00000|100%| O|  |TAMS 0x0000000083d00000, 0x0000000083d00000| Untracked 
|  62|0x0000000083e00000, 0x0000000083f00000, 0x0000000083f00000|100%| O|  |TAMS 0x0000000083f00000, 0x0000000083e00000| Untracked 
|  63|0x0000000083f00000, 0x0000000084000000, 0x0000000084000000|100%| O|  |TAMS 0x0000000084000000, 0x0000000083f00000| Untracked 
|  64|0x0000000084000000, 0x0000000084100000, 0x0000000084100000|100%| O|  |TAMS 0x0000000084100000, 0x0000000084000000| Untracked 
|  65|0x0000000084100000, 0x0000000084200000, 0x0000000084200000|100%| O|  |TAMS 0x0000000084200000, 0x0000000084100000| Untracked 
|  66|0x0000000084200000, 0x0000000084300000, 0x0000000084300000|100%| O|  |TAMS 0x0000000084300000, 0x0000000084200000| Untracked 
|  67|0x0000000084300000, 0x0000000084400000, 0x0000000084400000|100%| O|  |TAMS 0x0000000084400000, 0x0000000084300000| Untracked 
|  68|0x0000000084400000, 0x0000000084500000, 0x0000000084500000|100%| O|  |TAMS 0x0000000084500000, 0x0000000084400000| Untracked 
|  69|0x0000000084500000, 0x0000000084600000, 0x0000000084600000|100%| O|  |TAMS 0x0000000084600000, 0x0000000084500000| Untracked 
|  70|0x0000000084600000, 0x0000000084700000, 0x0000000084700000|100%| O|  |TAMS 0x0000000084700000, 0x0000000084600000| Untracked 
|  71|0x0000000084700000, 0x0000000084800000, 0x0000000084800000|100%| O|  |TAMS 0x0000000084800000, 0x0000000084700000| Untracked 
|  72|0x0000000084800000, 0x0000000084900000, 0x0000000084900000|100%| O|  |TAMS 0x0000000084900000, 0x0000000084800000| Untracked 
|  73|0x0000000084900000, 0x0000000084a00000, 0x0000000084a00000|100%| O|  |TAMS 0x0000000084a00000, 0x0000000084900000| Untracked 
|  74|0x0000000084a00000, 0x0000000084a00000, 0x0000000084b00000|  0%| F|  |TAMS 0x0000000084a00000, 0x0000000084a00000| Untracked 
|  75|0x0000000084b00000, 0x0000000084b00000, 0x0000000084c00000|  0%| F|  |TAMS 0x0000000084b00000, 0x0000000084b00000| Untracked 
|  76|0x0000000084c00000, 0x0000000084c00000, 0x0000000084d00000|  0%| F|  |TAMS 0x0000000084c00000, 0x0000000084c00000| Untracked 
|  77|0x0000000084d00000, 0x0000000084e00000, 0x0000000084e00000|100%| O|  |TAMS 0x0000000084e00000, 0x0000000084d00000| Untracked 
|  78|0x0000000084e00000, 0x0000000084f00000, 0x0000000084f00000|100%| O|  |TAMS 0x0000000084f00000, 0x0000000084e00000| Untracked 
|  79|0x0000000084f00000, 0x0000000085000000, 0x0000000085000000|100%| O|  |TAMS 0x0000000085000000, 0x0000000084f00000| Untracked 
|  80|0x0000000085000000, 0x0000000085100000, 0x0000000085100000|100%| O|  |TAMS 0x0000000085100000, 0x0000000085000000| Untracked 
|  81|0x0000000085100000, 0x0000000085200000, 0x0000000085200000|100%| O|  |TAMS 0x0000000085200000, 0x0000000085100000| Untracked 
|  82|0x0000000085200000, 0x0000000085200000, 0x0000000085300000|  0%| F|  |TAMS 0x0000000085200000, 0x0000000085200000| Untracked 
|  83|0x0000000085300000, 0x0000000085300000, 0x0000000085400000|  0%| F|  |TAMS 0x0000000085300000, 0x0000000085300000| Untracked 
|  84|0x0000000085400000, 0x0000000085500000, 0x0000000085500000|100%| O|  |TAMS 0x0000000085500000, 0x0000000085400000| Untracked 
|  85|0x0000000085500000, 0x0000000085600000, 0x0000000085600000|100%| O|  |TAMS 0x0000000085600000, 0x0000000085500000| Untracked 
|  86|0x0000000085600000, 0x0000000085600000, 0x0000000085700000|  0%| F|  |TAMS 0x0000000085600000, 0x0000000085600000| Untracked 
|  87|0x0000000085700000, 0x0000000085800000, 0x0000000085800000|100%| O|  |TAMS 0x0000000085700000, 0x0000000085700000| Untracked 
|  88|0x0000000085800000, 0x0000000085900000, 0x0000000085900000|100%| O|  |TAMS 0x0000000085800000, 0x0000000085800000| Untracked 
|  89|0x0000000085900000, 0x0000000085a00000, 0x0000000085a00000|100%| O|  |TAMS 0x0000000085900000, 0x0000000085900000| Untracked 
|  90|0x0000000085a00000, 0x0000000085b00000, 0x0000000085b00000|100%| O|  |TAMS 0x0000000085a00000, 0x0000000085a00000| Untracked 
|  91|0x0000000085b00000, 0x0000000085b00000, 0x0000000085c00000|  0%| F|  |TAMS 0x0000000085b00000, 0x0000000085b00000| Untracked 
|  92|0x0000000085c00000, 0x0000000085d00000, 0x0000000085d00000|100%| O|  |TAMS 0x0000000085c00000, 0x0000000085c00000| Untracked 
|  93|0x0000000085d00000, 0x0000000085e00000, 0x0000000085e00000|100%| O|  |TAMS 0x0000000085d00000, 0x0000000085d00000| Untracked 
|  94|0x0000000085e00000, 0x0000000085e00000, 0x0000000085f00000|  0%| F|  |TAMS 0x0000000085e00000, 0x0000000085e00000| Untracked 
|  95|0x0000000085f00000, 0x0000000085f00000, 0x0000000086000000|  0%| F|  |TAMS 0x0000000085f00000, 0x0000000085f00000| Untracked 
|  96|0x0000000086000000, 0x0000000086000000, 0x0000000086100000|  0%| F|  |TAMS 0x0000000086000000, 0x0000000086000000| Untracked 
|  97|0x0000000086100000, 0x0000000086200000, 0x0000000086200000|100%| O|  |TAMS 0x0000000086100000, 0x0000000086100000| Untracked 
|  98|0x0000000086200000, 0x0000000086300000, 0x0000000086300000|100%| O|  |TAMS 0x0000000086300000, 0x0000000086200000| Untracked 
|  99|0x0000000086300000, 0x0000000086300000, 0x0000000086400000|  0%| F|  |TAMS 0x0000000086300000, 0x0000000086300000| Untracked 
| 100|0x0000000086400000, 0x0000000086400000, 0x0000000086500000|  0%| F|  |TAMS 0x0000000086400000, 0x0000000086400000| Untracked 
| 101|0x0000000086500000, 0x0000000086600000, 0x0000000086600000|100%| O|  |TAMS 0x0000000086600000, 0x0000000086500000| Untracked 
| 102|0x0000000086600000, 0x0000000086700000, 0x0000000086700000|100%| O|  |TAMS 0x0000000086700000, 0x0000000086600000| Untracked 
| 103|0x0000000086700000, 0x0000000086800000, 0x0000000086800000|100%| O|  |TAMS 0x0000000086800000, 0x0000000086700000| Untracked 
| 104|0x0000000086800000, 0x0000000086900000, 0x0000000086900000|100%| O|  |TAMS 0x0000000086900000, 0x0000000086800000| Untracked 
| 105|0x0000000086900000, 0x0000000086900000, 0x0000000086a00000|  0%| F|  |TAMS 0x0000000086900000, 0x0000000086900000| Untracked 
| 106|0x0000000086a00000, 0x0000000086b00000, 0x0000000086b00000|100%| O|  |TAMS 0x0000000086a00000, 0x0000000086a00000| Untracked 
| 107|0x0000000086b00000, 0x0000000086c00000, 0x0000000086c00000|100%| O|  |TAMS 0x0000000086c00000, 0x0000000086b00000| Untracked 
| 108|0x0000000086c00000, 0x0000000086d00000, 0x0000000086d00000|100%| O|  |TAMS 0x0000000086d00000, 0x0000000086c00000| Untracked 
| 109|0x0000000086d00000, 0x0000000086e00000, 0x0000000086e00000|100%| O|  |TAMS 0x0000000086e00000, 0x0000000086d00000| Untracked 
| 110|0x0000000086e00000, 0x0000000086f00000, 0x0000000086f00000|100%| O|  |TAMS 0x0000000086f00000, 0x0000000086e00000| Untracked 
| 111|0x0000000086f00000, 0x0000000086f00000, 0x0000000087000000|  0%| F|  |TAMS 0x0000000086f00000, 0x0000000086f00000| Untracked 
| 112|0x0000000087000000, 0x0000000087100000, 0x0000000087100000|100%| O|  |TAMS 0x0000000087100000, 0x0000000087000000| Untracked 
| 113|0x0000000087100000, 0x0000000087200000, 0x0000000087200000|100%| O|  |TAMS 0x0000000087200000, 0x0000000087100000| Untracked 
| 114|0x0000000087200000, 0x0000000087200000, 0x0000000087300000|  0%| F|  |TAMS 0x0000000087200000, 0x0000000087200000| Untracked 
| 115|0x0000000087300000, 0x0000000087400000, 0x0000000087400000|100%| O|  |TAMS 0x0000000087400000, 0x0000000087300000| Untracked 
| 116|0x0000000087400000, 0x0000000087500000, 0x0000000087500000|100%| O|  |TAMS 0x0000000087500000, 0x0000000087400000| Untracked 
| 117|0x0000000087500000, 0x0000000087600000, 0x0000000087600000|100%| O|  |TAMS 0x0000000087600000, 0x0000000087500000| Untracked 
| 118|0x0000000087600000, 0x0000000087700000, 0x0000000087700000|100%| O|  |TAMS 0x0000000087700000, 0x0000000087600000| Untracked 
| 119|0x0000000087700000, 0x0000000087700000, 0x0000000087800000|  0%| F|  |TAMS 0x0000000087700000, 0x0000000087700000| Untracked 
| 120|0x0000000087800000, 0x0000000087800000, 0x0000000087900000|  0%| F|  |TAMS 0x0000000087800000, 0x0000000087800000| Untracked 
| 121|0x0000000087900000, 0x0000000087a00000, 0x0000000087a00000|100%| O|  |TAMS 0x0000000087a00000, 0x0000000087900000| Untracked 
| 122|0x0000000087a00000, 0x0000000087b00000, 0x0000000087b00000|100%| O|  |TAMS 0x0000000087b00000, 0x0000000087a00000| Untracked 
| 123|0x0000000087b00000, 0x0000000087c00000, 0x0000000087c00000|100%| O|  |TAMS 0x0000000087c00000, 0x0000000087b00000| Untracked 
| 124|0x0000000087c00000, 0x0000000087d00000, 0x0000000087d00000|100%| O|  |TAMS 0x0000000087d00000, 0x0000000087c00000| Untracked 
| 125|0x0000000087d00000, 0x0000000087dafe00, 0x0000000087e00000| 68%| O|  |TAMS 0x0000000087d00000, 0x0000000087d00000| Untracked 
| 126|0x0000000087e00000, 0x0000000087f00000, 0x0000000087f00000|100%| O|  |TAMS 0x0000000087f00000, 0x0000000087e00000| Untracked 
| 127|0x0000000087f00000, 0x0000000088000000, 0x0000000088000000|100%| O|  |TAMS 0x0000000088000000, 0x0000000087f00000| Untracked 
| 128|0x0000000088000000, 0x0000000088000000, 0x0000000088100000|  0%| F|  |TAMS 0x0000000088000000, 0x0000000088000000| Untracked 
| 129|0x0000000088100000, 0x0000000088100000, 0x0000000088200000|  0%| F|  |TAMS 0x0000000088100000, 0x0000000088100000| Untracked 
| 130|0x0000000088200000, 0x0000000088200000, 0x0000000088300000|  0%| F|  |TAMS 0x0000000088200000, 0x0000000088200000| Untracked 
| 131|0x0000000088300000, 0x0000000088300000, 0x0000000088400000|  0%| F|  |TAMS 0x0000000088300000, 0x0000000088300000| Untracked 
| 132|0x0000000088400000, 0x0000000088400000, 0x0000000088500000|  0%| F|  |TAMS 0x0000000088400000, 0x0000000088400000| Untracked 
| 133|0x0000000088500000, 0x0000000088600000, 0x0000000088600000|100%| O|  |TAMS 0x0000000088600000, 0x0000000088500000| Untracked 
| 134|0x0000000088600000, 0x0000000088600000, 0x0000000088700000|  0%| F|  |TAMS 0x0000000088600000, 0x0000000088600000| Untracked 
| 135|0x0000000088700000, 0x0000000088700000, 0x0000000088800000|  0%| F|  |TAMS 0x0000000088700000, 0x0000000088700000| Untracked 
| 136|0x0000000088800000, 0x0000000088800000, 0x0000000088900000|  0%| F|  |TAMS 0x0000000088800000, 0x0000000088800000| Untracked 
| 137|0x0000000088900000, 0x0000000088900000, 0x0000000088a00000|  0%| F|  |TAMS 0x0000000088900000, 0x0000000088900000| Untracked 
| 138|0x0000000088a00000, 0x0000000088a00000, 0x0000000088b00000|  0%| F|  |TAMS 0x0000000088a00000, 0x0000000088a00000| Untracked 
| 139|0x0000000088b00000, 0x0000000088b00000, 0x0000000088c00000|  0%| F|  |TAMS 0x0000000088b00000, 0x0000000088b00000| Untracked 
| 140|0x0000000088c00000, 0x0000000088c00000, 0x0000000088d00000|  0%| F|  |TAMS 0x0000000088c00000, 0x0000000088c00000| Untracked 
| 141|0x0000000088d00000, 0x0000000088d00000, 0x0000000088e00000|  0%| F|  |TAMS 0x0000000088d00000, 0x0000000088d00000| Untracked 
| 142|0x0000000088e00000, 0x0000000088e00000, 0x0000000088f00000|  0%| F|  |TAMS 0x0000000088e00000, 0x0000000088e00000| Untracked 
| 143|0x0000000088f00000, 0x0000000088f00000, 0x0000000089000000|  0%| F|  |TAMS 0x0000000088f00000, 0x0000000088f00000| Untracked 
| 144|0x0000000089000000, 0x0000000089100000, 0x0000000089100000|100%|HS|  |TAMS 0x0000000089100000, 0x0000000089000000| Complete 
| 145|0x0000000089100000, 0x0000000089200000, 0x0000000089200000|100%|HC|  |TAMS 0x0000000089200000, 0x0000000089100000| Complete 
| 146|0x0000000089200000, 0x0000000089300000, 0x0000000089300000|100%| O|  |TAMS 0x0000000089300000, 0x0000000089200000| Untracked 
| 147|0x0000000089300000, 0x0000000089400000, 0x0000000089400000|100%| O|  |TAMS 0x0000000089400000, 0x0000000089300000| Untracked 
| 148|0x0000000089400000, 0x0000000089500000, 0x0000000089500000|100%| O|  |TAMS 0x0000000089500000, 0x0000000089400000| Untracked 
| 149|0x0000000089500000, 0x0000000089600000, 0x0000000089600000|100%| O|  |TAMS 0x0000000089600000, 0x0000000089500000| Untracked 
| 150|0x0000000089600000, 0x0000000089600000, 0x0000000089700000|  0%| F|  |TAMS 0x0000000089600000, 0x0000000089600000| Untracked 
| 151|0x0000000089700000, 0x0000000089800000, 0x0000000089800000|100%| O|  |TAMS 0x0000000089800000, 0x0000000089700000| Untracked 
| 152|0x0000000089800000, 0x0000000089900000, 0x0000000089900000|100%| O|  |TAMS 0x0000000089900000, 0x0000000089800000| Untracked 
| 153|0x0000000089900000, 0x0000000089a00000, 0x0000000089a00000|100%| O|  |TAMS 0x0000000089a00000, 0x0000000089900000| Untracked 
| 154|0x0000000089a00000, 0x0000000089b00000, 0x0000000089b00000|100%| O|  |TAMS 0x0000000089b00000, 0x0000000089a00000| Untracked 
| 155|0x0000000089b00000, 0x0000000089c00000, 0x0000000089c00000|100%| O|  |TAMS 0x0000000089b22800, 0x0000000089b00000| Untracked 
| 156|0x0000000089c00000, 0x0000000089d00000, 0x0000000089d00000|100%| O|  |TAMS 0x0000000089c00000, 0x0000000089c00000| Untracked 
| 157|0x0000000089d00000, 0x0000000089e00000, 0x0000000089e00000|100%| O|  |TAMS 0x0000000089d00000, 0x0000000089d00000| Untracked 
| 158|0x0000000089e00000, 0x0000000089f00000, 0x0000000089f00000|100%| O|  |TAMS 0x0000000089e00000, 0x0000000089e00000| Untracked 
| 159|0x0000000089f00000, 0x000000008a000000, 0x000000008a000000|100%| O|  |TAMS 0x0000000089f00000, 0x0000000089f00000| Untracked 
| 160|0x000000008a000000, 0x000000008a100000, 0x000000008a100000|100%| O|  |TAMS 0x000000008a000000, 0x000000008a000000| Untracked 
| 161|0x000000008a100000, 0x000000008a200000, 0x000000008a200000|100%| O|  |TAMS 0x000000008a100000, 0x000000008a100000| Untracked 
| 162|0x000000008a200000, 0x000000008a300000, 0x000000008a300000|100%| O|  |TAMS 0x000000008a200000, 0x000000008a200000| Untracked 
| 163|0x000000008a300000, 0x000000008a400000, 0x000000008a400000|100%| O|  |TAMS 0x000000008a300000, 0x000000008a300000| Untracked 
| 164|0x000000008a400000, 0x000000008a500000, 0x000000008a500000|100%| O|  |TAMS 0x000000008a400000, 0x000000008a400000| Untracked 
| 165|0x000000008a500000, 0x000000008a500000, 0x000000008a600000|  0%| F|  |TAMS 0x000000008a500000, 0x000000008a500000| Untracked 
| 166|0x000000008a600000, 0x000000008a600000, 0x000000008a700000|  0%| F|  |TAMS 0x000000008a600000, 0x000000008a600000| Untracked 
| 167|0x000000008a700000, 0x000000008a700000, 0x000000008a800000|  0%| F|  |TAMS 0x000000008a700000, 0x000000008a700000| Untracked 
| 168|0x000000008a800000, 0x000000008a800000, 0x000000008a900000|  0%| F|  |TAMS 0x000000008a800000, 0x000000008a800000| Untracked 
| 169|0x000000008a900000, 0x000000008a900000, 0x000000008aa00000|  0%| F|  |TAMS 0x000000008a900000, 0x000000008a900000| Untracked 
| 170|0x000000008aa00000, 0x000000008aa00000, 0x000000008ab00000|  0%| F|  |TAMS 0x000000008aa00000, 0x000000008aa00000| Untracked 
| 171|0x000000008ab00000, 0x000000008ab00000, 0x000000008ac00000|  0%| F|  |TAMS 0x000000008ab00000, 0x000000008ab00000| Untracked 
| 172|0x000000008ac00000, 0x000000008ac00000, 0x000000008ad00000|  0%| F|  |TAMS 0x000000008ac00000, 0x000000008ac00000| Untracked 
| 173|0x000000008ad00000, 0x000000008ad00000, 0x000000008ae00000|  0%| F|  |TAMS 0x000000008ad00000, 0x000000008ad00000| Untracked 
| 174|0x000000008ae00000, 0x000000008ae00000, 0x000000008af00000|  0%| F|  |TAMS 0x000000008ae00000, 0x000000008ae00000| Untracked 
| 175|0x000000008af00000, 0x000000008af00000, 0x000000008b000000|  0%| F|  |TAMS 0x000000008af00000, 0x000000008af00000| Untracked 
| 176|0x000000008b000000, 0x000000008b000000, 0x000000008b100000|  0%| F|  |TAMS 0x000000008b000000, 0x000000008b000000| Untracked 
| 177|0x000000008b100000, 0x000000008b100000, 0x000000008b200000|  0%| F|  |TAMS 0x000000008b100000, 0x000000008b100000| Untracked 
| 178|0x000000008b200000, 0x000000008b200000, 0x000000008b300000|  0%| F|  |TAMS 0x000000008b200000, 0x000000008b200000| Untracked 
| 179|0x000000008b300000, 0x000000008b300000, 0x000000008b400000|  0%| F|  |TAMS 0x000000008b300000, 0x000000008b300000| Untracked 
| 180|0x000000008b400000, 0x000000008b400000, 0x000000008b500000|  0%| F|  |TAMS 0x000000008b400000, 0x000000008b400000| Untracked 
| 181|0x000000008b500000, 0x000000008b500000, 0x000000008b600000|  0%| F|  |TAMS 0x000000008b500000, 0x000000008b500000| Untracked 
| 182|0x000000008b600000, 0x000000008b600000, 0x000000008b700000|  0%| F|  |TAMS 0x000000008b600000, 0x000000008b600000| Untracked 
| 183|0x000000008b700000, 0x000000008b700000, 0x000000008b800000|  0%| F|  |TAMS 0x000000008b700000, 0x000000008b700000| Untracked 
| 184|0x000000008b800000, 0x000000008b800000, 0x000000008b900000|  0%| F|  |TAMS 0x000000008b800000, 0x000000008b800000| Untracked 
| 185|0x000000008b900000, 0x000000008b900000, 0x000000008ba00000|  0%| F|  |TAMS 0x000000008b900000, 0x000000008b900000| Untracked 
| 186|0x000000008ba00000, 0x000000008ba00000, 0x000000008bb00000|  0%| F|  |TAMS 0x000000008ba00000, 0x000000008ba00000| Untracked 
| 187|0x000000008bb00000, 0x000000008bb00000, 0x000000008bc00000|  0%| F|  |TAMS 0x000000008bb00000, 0x000000008bb00000| Untracked 
| 188|0x000000008bc00000, 0x000000008bc00000, 0x000000008bd00000|  0%| F|  |TAMS 0x000000008bc00000, 0x000000008bc00000| Untracked 
| 189|0x000000008bd00000, 0x000000008bd00000, 0x000000008be00000|  0%| F|  |TAMS 0x000000008bd00000, 0x000000008bd00000| Untracked 
| 190|0x000000008be00000, 0x000000008be00000, 0x000000008bf00000|  0%| F|  |TAMS 0x000000008be00000, 0x000000008be00000| Untracked 
| 191|0x000000008bf00000, 0x000000008bf00000, 0x000000008c000000|  0%| F|  |TAMS 0x000000008bf00000, 0x000000008bf00000| Untracked 
| 192|0x000000008c000000, 0x000000008c000000, 0x000000008c100000|  0%| F|  |TAMS 0x000000008c000000, 0x000000008c000000| Untracked 
| 193|0x000000008c100000, 0x000000008c100000, 0x000000008c200000|  0%| F|  |TAMS 0x000000008c100000, 0x000000008c100000| Untracked 
| 194|0x000000008c200000, 0x000000008c200000, 0x000000008c300000|  0%| F|  |TAMS 0x000000008c200000, 0x000000008c200000| Untracked 
| 195|0x000000008c300000, 0x000000008c300000, 0x000000008c400000|  0%| F|  |TAMS 0x000000008c300000, 0x000000008c300000| Untracked 
| 196|0x000000008c400000, 0x000000008c400000, 0x000000008c500000|  0%| F|  |TAMS 0x000000008c400000, 0x000000008c400000| Untracked 
| 197|0x000000008c500000, 0x000000008c500000, 0x000000008c600000|  0%| F|  |TAMS 0x000000008c500000, 0x000000008c500000| Untracked 
| 198|0x000000008c600000, 0x000000008c600000, 0x000000008c700000|  0%| F|  |TAMS 0x000000008c600000, 0x000000008c600000| Untracked 
| 199|0x000000008c700000, 0x000000008c700000, 0x000000008c800000|  0%| F|  |TAMS 0x000000008c700000, 0x000000008c700000| Untracked 
| 200|0x000000008c800000, 0x000000008c800000, 0x000000008c900000|  0%| F|  |TAMS 0x000000008c800000, 0x000000008c800000| Untracked 
| 201|0x000000008c900000, 0x000000008c900000, 0x000000008ca00000|  0%| F|  |TAMS 0x000000008c900000, 0x000000008c900000| Untracked 
| 202|0x000000008ca00000, 0x000000008ca00000, 0x000000008cb00000|  0%| F|  |TAMS 0x000000008ca00000, 0x000000008ca00000| Untracked 
| 203|0x000000008cb00000, 0x000000008cb00000, 0x000000008cc00000|  0%| F|  |TAMS 0x000000008cb00000, 0x000000008cb00000| Untracked 
| 204|0x000000008cc00000, 0x000000008cc00000, 0x000000008cd00000|  0%| F|  |TAMS 0x000000008cc00000, 0x000000008cc00000| Untracked 
| 205|0x000000008cd00000, 0x000000008cd00000, 0x000000008ce00000|  0%| F|  |TAMS 0x000000008cd00000, 0x000000008cd00000| Untracked 
| 206|0x000000008ce00000, 0x000000008ce00000, 0x000000008cf00000|  0%| F|  |TAMS 0x000000008ce00000, 0x000000008ce00000| Untracked 
| 207|0x000000008cf00000, 0x000000008cf00000, 0x000000008d000000|  0%| F|  |TAMS 0x000000008cf00000, 0x000000008cf00000| Untracked 
| 208|0x000000008d000000, 0x000000008d000000, 0x000000008d100000|  0%| F|  |TAMS 0x000000008d000000, 0x000000008d000000| Untracked 
| 209|0x000000008d100000, 0x000000008d100000, 0x000000008d200000|  0%| F|  |TAMS 0x000000008d100000, 0x000000008d100000| Untracked 
| 210|0x000000008d200000, 0x000000008d200000, 0x000000008d300000|  0%| F|  |TAMS 0x000000008d200000, 0x000000008d200000| Untracked 
| 211|0x000000008d300000, 0x000000008d300000, 0x000000008d400000|  0%| F|  |TAMS 0x000000008d300000, 0x000000008d300000| Untracked 
| 212|0x000000008d400000, 0x000000008d400000, 0x000000008d500000|  0%| F|  |TAMS 0x000000008d400000, 0x000000008d400000| Untracked 
| 213|0x000000008d500000, 0x000000008d500000, 0x000000008d600000|  0%| F|  |TAMS 0x000000008d500000, 0x000000008d500000| Untracked 
| 214|0x000000008d600000, 0x000000008d600000, 0x000000008d700000|  0%| F|  |TAMS 0x000000008d600000, 0x000000008d600000| Untracked 
| 215|0x000000008d700000, 0x000000008d700000, 0x000000008d800000|  0%| F|  |TAMS 0x000000008d700000, 0x000000008d700000| Untracked 
| 216|0x000000008d800000, 0x000000008d800000, 0x000000008d900000|  0%| F|  |TAMS 0x000000008d800000, 0x000000008d800000| Untracked 
| 217|0x000000008d900000, 0x000000008d900000, 0x000000008da00000|  0%| F|  |TAMS 0x000000008d900000, 0x000000008d900000| Untracked 
| 218|0x000000008da00000, 0x000000008da00000, 0x000000008db00000|  0%| F|  |TAMS 0x000000008da00000, 0x000000008da00000| Untracked 
| 219|0x000000008db00000, 0x000000008db00000, 0x000000008dc00000|  0%| F|  |TAMS 0x000000008db00000, 0x000000008db00000| Untracked 
| 220|0x000000008dc00000, 0x000000008dc00000, 0x000000008dd00000|  0%| F|  |TAMS 0x000000008dc00000, 0x000000008dc00000| Untracked 
| 221|0x000000008dd00000, 0x000000008dd00000, 0x000000008de00000|  0%| F|  |TAMS 0x000000008dd00000, 0x000000008dd00000| Untracked 
| 222|0x000000008de00000, 0x000000008de00000, 0x000000008df00000|  0%| F|  |TAMS 0x000000008de00000, 0x000000008de00000| Untracked 
| 223|0x000000008df00000, 0x000000008df00000, 0x000000008e000000|  0%| F|  |TAMS 0x000000008df00000, 0x000000008df00000| Untracked 
| 224|0x000000008e000000, 0x000000008e000000, 0x000000008e100000|  0%| F|  |TAMS 0x000000008e000000, 0x000000008e000000| Untracked 
| 225|0x000000008e100000, 0x000000008e100000, 0x000000008e200000|  0%| F|  |TAMS 0x000000008e100000, 0x000000008e100000| Untracked 
| 226|0x000000008e200000, 0x000000008e2b2bc0, 0x000000008e300000| 69%| S|CS|TAMS 0x000000008e200000, 0x000000008e200000| Complete 
| 227|0x000000008e300000, 0x000000008e400000, 0x000000008e400000|100%| S|CS|TAMS 0x000000008e300000, 0x000000008e300000| Complete 
| 228|0x000000008e400000, 0x000000008e500000, 0x000000008e500000|100%| S|CS|TAMS 0x000000008e400000, 0x000000008e400000| Complete 
| 229|0x000000008e500000, 0x000000008e600000, 0x000000008e600000|100%| S|CS|TAMS 0x000000008e500000, 0x000000008e500000| Complete 
| 230|0x000000008e600000, 0x000000008e700000, 0x000000008e700000|100%| S|CS|TAMS 0x000000008e600000, 0x000000008e600000| Complete 
| 231|0x000000008e700000, 0x000000008e800000, 0x000000008e800000|100%| S|CS|TAMS 0x000000008e700000, 0x000000008e700000| Complete 
| 232|0x000000008e800000, 0x000000008e900000, 0x000000008e900000|100%| S|CS|TAMS 0x000000008e800000, 0x000000008e800000| Complete 
| 233|0x000000008e900000, 0x000000008ea00000, 0x000000008ea00000|100%| S|CS|TAMS 0x000000008e900000, 0x000000008e900000| Complete 
| 234|0x000000008ea00000, 0x000000008eb00000, 0x000000008eb00000|100%| S|CS|TAMS 0x000000008ea00000, 0x000000008ea00000| Complete 
| 235|0x000000008eb00000, 0x000000008eb00000, 0x000000008ec00000|  0%| F|  |TAMS 0x000000008eb00000, 0x000000008eb00000| Untracked 
| 236|0x000000008ec00000, 0x000000008ec00000, 0x000000008ed00000|  0%| F|  |TAMS 0x000000008ec00000, 0x000000008ec00000| Untracked 
| 237|0x000000008ed00000, 0x000000008ed00000, 0x000000008ee00000|  0%| F|  |TAMS 0x000000008ed00000, 0x000000008ed00000| Untracked 
| 238|0x000000008ee00000, 0x000000008ee00000, 0x000000008ef00000|  0%| F|  |TAMS 0x000000008ee00000, 0x000000008ee00000| Untracked 
| 239|0x000000008ef00000, 0x000000008ef00000, 0x000000008f000000|  0%| F|  |TAMS 0x000000008ef00000, 0x000000008ef00000| Untracked 
| 240|0x000000008f000000, 0x000000008f000000, 0x000000008f100000|  0%| F|  |TAMS 0x000000008f000000, 0x000000008f000000| Untracked 
| 241|0x000000008f100000, 0x000000008f100000, 0x000000008f200000|  0%| F|  |TAMS 0x000000008f100000, 0x000000008f100000| Untracked 
| 242|0x000000008f200000, 0x000000008f200000, 0x000000008f300000|  0%| F|  |TAMS 0x000000008f200000, 0x000000008f200000| Untracked 
| 243|0x000000008f300000, 0x000000008f400000, 0x000000008f400000|100%| S|CS|TAMS 0x000000008f300000, 0x000000008f300000| Complete 
| 244|0x000000008f400000, 0x000000008f500000, 0x000000008f500000|100%| S|CS|TAMS 0x000000008f400000, 0x000000008f400000| Complete 
| 245|0x000000008f500000, 0x000000008f600000, 0x000000008f600000|100%| S|CS|TAMS 0x000000008f500000, 0x000000008f500000| Complete 
| 246|0x000000008f600000, 0x000000008f700000, 0x000000008f700000|100%| S|CS|TAMS 0x000000008f600000, 0x000000008f600000| Complete 
| 247|0x000000008f700000, 0x000000008f700000, 0x000000008f800000|  0%| F|  |TAMS 0x000000008f700000, 0x000000008f700000| Untracked 
| 248|0x000000008f800000, 0x000000008f800000, 0x000000008f900000|  0%| F|  |TAMS 0x000000008f800000, 0x000000008f800000| Untracked 
| 249|0x000000008f900000, 0x000000008f900000, 0x000000008fa00000|  0%| F|  |TAMS 0x000000008f900000, 0x000000008f900000| Untracked 
| 250|0x000000008fa00000, 0x000000008fa00000, 0x000000008fb00000|  0%| F|  |TAMS 0x000000008fa00000, 0x000000008fa00000| Untracked 
| 251|0x000000008fb00000, 0x000000008fb00000, 0x000000008fc00000|  0%| F|  |TAMS 0x000000008fb00000, 0x000000008fb00000| Untracked 
| 252|0x000000008fc00000, 0x000000008fc00000, 0x000000008fd00000|  0%| F|  |TAMS 0x000000008fc00000, 0x000000008fc00000| Untracked 
| 253|0x000000008fd00000, 0x000000008fd00000, 0x000000008fe00000|  0%| F|  |TAMS 0x000000008fd00000, 0x000000008fd00000| Untracked 
| 254|0x000000008fe00000, 0x000000008fe00000, 0x000000008ff00000|  0%| F|  |TAMS 0x000000008fe00000, 0x000000008fe00000| Untracked 
| 255|0x000000008ff00000, 0x000000008ff00000, 0x0000000090000000|  0%| F|  |TAMS 0x000000008ff00000, 0x000000008ff00000| Untracked 
| 256|0x0000000090000000, 0x0000000090000000, 0x0000000090100000|  0%| F|  |TAMS 0x0000000090000000, 0x0000000090000000| Untracked 
| 257|0x0000000090100000, 0x0000000090100000, 0x0000000090200000|  0%| F|  |TAMS 0x0000000090100000, 0x0000000090100000| Untracked 
| 258|0x0000000090200000, 0x0000000090200000, 0x0000000090300000|  0%| F|  |TAMS 0x0000000090200000, 0x0000000090200000| Untracked 
| 259|0x0000000090300000, 0x0000000090300000, 0x0000000090400000|  0%| F|  |TAMS 0x0000000090300000, 0x0000000090300000| Untracked 
| 260|0x0000000090400000, 0x0000000090400000, 0x0000000090500000|  0%| F|  |TAMS 0x0000000090400000, 0x0000000090400000| Untracked 
| 261|0x0000000090500000, 0x0000000090500000, 0x0000000090600000|  0%| F|  |TAMS 0x0000000090500000, 0x0000000090500000| Untracked 
| 262|0x0000000090600000, 0x0000000090600000, 0x0000000090700000|  0%| F|  |TAMS 0x0000000090600000, 0x0000000090600000| Untracked 
| 263|0x0000000090700000, 0x0000000090700000, 0x0000000090800000|  0%| F|  |TAMS 0x0000000090700000, 0x0000000090700000| Untracked 
| 264|0x0000000090800000, 0x0000000090800000, 0x0000000090900000|  0%| F|  |TAMS 0x0000000090800000, 0x0000000090800000| Untracked 
| 265|0x0000000090900000, 0x0000000090900000, 0x0000000090a00000|  0%| F|  |TAMS 0x0000000090900000, 0x0000000090900000| Untracked 
| 266|0x0000000090a00000, 0x0000000090a00000, 0x0000000090b00000|  0%| F|  |TAMS 0x0000000090a00000, 0x0000000090a00000| Untracked 
| 267|0x0000000090b00000, 0x0000000090b00000, 0x0000000090c00000|  0%| F|  |TAMS 0x0000000090b00000, 0x0000000090b00000| Untracked 
| 268|0x0000000090c00000, 0x0000000090c00000, 0x0000000090d00000|  0%| F|  |TAMS 0x0000000090c00000, 0x0000000090c00000| Untracked 
| 269|0x0000000090d00000, 0x0000000090d00000, 0x0000000090e00000|  0%| F|  |TAMS 0x0000000090d00000, 0x0000000090d00000| Untracked 
| 270|0x0000000090e00000, 0x0000000090e00000, 0x0000000090f00000|  0%| F|  |TAMS 0x0000000090e00000, 0x0000000090e00000| Untracked 
| 271|0x0000000090f00000, 0x0000000090f00000, 0x0000000091000000|  0%| F|  |TAMS 0x0000000090f00000, 0x0000000090f00000| Untracked 
| 272|0x0000000091000000, 0x0000000091000000, 0x0000000091100000|  0%| F|  |TAMS 0x0000000091000000, 0x0000000091000000| Untracked 
| 273|0x0000000091100000, 0x0000000091100000, 0x0000000091200000|  0%| F|  |TAMS 0x0000000091100000, 0x0000000091100000| Untracked 
| 274|0x0000000091200000, 0x0000000091200000, 0x0000000091300000|  0%| F|  |TAMS 0x0000000091200000, 0x0000000091200000| Untracked 
| 275|0x0000000091300000, 0x0000000091300000, 0x0000000091400000|  0%| F|  |TAMS 0x0000000091300000, 0x0000000091300000| Untracked 
| 276|0x0000000091400000, 0x0000000091400000, 0x0000000091500000|  0%| F|  |TAMS 0x0000000091400000, 0x0000000091400000| Untracked 
| 277|0x0000000091500000, 0x0000000091500000, 0x0000000091600000|  0%| F|  |TAMS 0x0000000091500000, 0x0000000091500000| Untracked 
| 278|0x0000000091600000, 0x0000000091600000, 0x0000000091700000|  0%| F|  |TAMS 0x0000000091600000, 0x0000000091600000| Untracked 
| 279|0x0000000091700000, 0x0000000091700000, 0x0000000091800000|  0%| F|  |TAMS 0x0000000091700000, 0x0000000091700000| Untracked 
| 280|0x0000000091800000, 0x0000000091800000, 0x0000000091900000|  0%| F|  |TAMS 0x0000000091800000, 0x0000000091800000| Untracked 
| 281|0x0000000091900000, 0x0000000091900000, 0x0000000091a00000|  0%| F|  |TAMS 0x0000000091900000, 0x0000000091900000| Untracked 
| 282|0x0000000091a00000, 0x0000000091a00000, 0x0000000091b00000|  0%| F|  |TAMS 0x0000000091a00000, 0x0000000091a00000| Untracked 
| 283|0x0000000091b00000, 0x0000000091b00000, 0x0000000091c00000|  0%| F|  |TAMS 0x0000000091b00000, 0x0000000091b00000| Untracked 
| 284|0x0000000091c00000, 0x0000000091c00000, 0x0000000091d00000|  0%| F|  |TAMS 0x0000000091c00000, 0x0000000091c00000| Untracked 
| 285|0x0000000091d00000, 0x0000000091d00000, 0x0000000091e00000|  0%| F|  |TAMS 0x0000000091d00000, 0x0000000091d00000| Untracked 
| 286|0x0000000091e00000, 0x0000000091e00000, 0x0000000091f00000|  0%| F|  |TAMS 0x0000000091e00000, 0x0000000091e00000| Untracked 
| 287|0x0000000091f00000, 0x0000000091f00000, 0x0000000092000000|  0%| F|  |TAMS 0x0000000091f00000, 0x0000000091f00000| Untracked 
| 288|0x0000000092000000, 0x0000000092000000, 0x0000000092100000|  0%| F|  |TAMS 0x0000000092000000, 0x0000000092000000| Untracked 
| 289|0x0000000092100000, 0x0000000092100000, 0x0000000092200000|  0%| F|  |TAMS 0x0000000092100000, 0x0000000092100000| Untracked 
| 290|0x0000000092200000, 0x0000000092200000, 0x0000000092300000|  0%| F|  |TAMS 0x0000000092200000, 0x0000000092200000| Untracked 
| 291|0x0000000092300000, 0x0000000092300000, 0x0000000092400000|  0%| F|  |TAMS 0x0000000092300000, 0x0000000092300000| Untracked 
| 292|0x0000000092400000, 0x0000000092400000, 0x0000000092500000|  0%| F|  |TAMS 0x0000000092400000, 0x0000000092400000| Untracked 
| 293|0x0000000092500000, 0x0000000092500000, 0x0000000092600000|  0%| F|  |TAMS 0x0000000092500000, 0x0000000092500000| Untracked 
| 294|0x0000000092600000, 0x0000000092600000, 0x0000000092700000|  0%| F|  |TAMS 0x0000000092600000, 0x0000000092600000| Untracked 
| 295|0x0000000092700000, 0x0000000092700000, 0x0000000092800000|  0%| F|  |TAMS 0x0000000092700000, 0x0000000092700000| Untracked 
| 296|0x0000000092800000, 0x0000000092800000, 0x0000000092900000|  0%| F|  |TAMS 0x0000000092800000, 0x0000000092800000| Untracked 
| 297|0x0000000092900000, 0x0000000092900000, 0x0000000092a00000|  0%| F|  |TAMS 0x0000000092900000, 0x0000000092900000| Untracked 
| 298|0x0000000092a00000, 0x0000000092a00000, 0x0000000092b00000|  0%| F|  |TAMS 0x0000000092a00000, 0x0000000092a00000| Untracked 
| 299|0x0000000092b00000, 0x0000000092b00000, 0x0000000092c00000|  0%| F|  |TAMS 0x0000000092b00000, 0x0000000092b00000| Untracked 
| 300|0x0000000092c00000, 0x0000000092c00000, 0x0000000092d00000|  0%| F|  |TAMS 0x0000000092c00000, 0x0000000092c00000| Untracked 
| 301|0x0000000092d00000, 0x0000000092d00000, 0x0000000092e00000|  0%| F|  |TAMS 0x0000000092d00000, 0x0000000092d00000| Untracked 
| 302|0x0000000092e00000, 0x0000000092e00000, 0x0000000092f00000|  0%| F|  |TAMS 0x0000000092e00000, 0x0000000092e00000| Untracked 
| 303|0x0000000092f00000, 0x0000000092f00000, 0x0000000093000000|  0%| F|  |TAMS 0x0000000092f00000, 0x0000000092f00000| Untracked 
| 304|0x0000000093000000, 0x0000000093000000, 0x0000000093100000|  0%| F|  |TAMS 0x0000000093000000, 0x0000000093000000| Untracked 
| 305|0x0000000093100000, 0x0000000093100000, 0x0000000093200000|  0%| F|  |TAMS 0x0000000093100000, 0x0000000093100000| Untracked 
| 306|0x0000000093200000, 0x0000000093200000, 0x0000000093300000|  0%| F|  |TAMS 0x0000000093200000, 0x0000000093200000| Untracked 
| 307|0x0000000093300000, 0x0000000093300000, 0x0000000093400000|  0%| F|  |TAMS 0x0000000093300000, 0x0000000093300000| Untracked 
| 308|0x0000000093400000, 0x0000000093400000, 0x0000000093500000|  0%| F|  |TAMS 0x0000000093400000, 0x0000000093400000| Untracked 
| 309|0x0000000093500000, 0x0000000093500000, 0x0000000093600000|  0%| F|  |TAMS 0x0000000093500000, 0x0000000093500000| Untracked 
| 310|0x0000000093600000, 0x0000000093600000, 0x0000000093700000|  0%| F|  |TAMS 0x0000000093600000, 0x0000000093600000| Untracked 
| 311|0x0000000093700000, 0x0000000093700000, 0x0000000093800000|  0%| F|  |TAMS 0x0000000093700000, 0x0000000093700000| Untracked 
| 312|0x0000000093800000, 0x0000000093800000, 0x0000000093900000|  0%| F|  |TAMS 0x0000000093800000, 0x0000000093800000| Untracked 
| 313|0x0000000093900000, 0x0000000093900000, 0x0000000093a00000|  0%| F|  |TAMS 0x0000000093900000, 0x0000000093900000| Untracked 
| 314|0x0000000093a00000, 0x0000000093a00000, 0x0000000093b00000|  0%| F|  |TAMS 0x0000000093a00000, 0x0000000093a00000| Untracked 
| 315|0x0000000093b00000, 0x0000000093b00000, 0x0000000093c00000|  0%| F|  |TAMS 0x0000000093b00000, 0x0000000093b00000| Untracked 
| 316|0x0000000093c00000, 0x0000000093c00000, 0x0000000093d00000|  0%| F|  |TAMS 0x0000000093c00000, 0x0000000093c00000| Untracked 
| 317|0x0000000093d00000, 0x0000000093d00000, 0x0000000093e00000|  0%| F|  |TAMS 0x0000000093d00000, 0x0000000093d00000| Untracked 
| 318|0x0000000093e00000, 0x0000000093e00000, 0x0000000093f00000|  0%| F|  |TAMS 0x0000000093e00000, 0x0000000093e00000| Untracked 
| 319|0x0000000093f00000, 0x0000000093f00000, 0x0000000094000000|  0%| F|  |TAMS 0x0000000093f00000, 0x0000000093f00000| Untracked 
| 320|0x0000000094000000, 0x0000000094000000, 0x0000000094100000|  0%| F|  |TAMS 0x0000000094000000, 0x0000000094000000| Untracked 
| 321|0x0000000094100000, 0x0000000094100000, 0x0000000094200000|  0%| F|  |TAMS 0x0000000094100000, 0x0000000094100000| Untracked 
| 322|0x0000000094200000, 0x0000000094200000, 0x0000000094300000|  0%| F|  |TAMS 0x0000000094200000, 0x0000000094200000| Untracked 
| 323|0x0000000094300000, 0x0000000094300000, 0x0000000094400000|  0%| F|  |TAMS 0x0000000094300000, 0x0000000094300000| Untracked 
| 324|0x0000000094400000, 0x0000000094400000, 0x0000000094500000|  0%| F|  |TAMS 0x0000000094400000, 0x0000000094400000| Untracked 
| 325|0x0000000094500000, 0x0000000094500000, 0x0000000094600000|  0%| F|  |TAMS 0x0000000094500000, 0x0000000094500000| Untracked 
| 326|0x0000000094600000, 0x0000000094600000, 0x0000000094700000|  0%| F|  |TAMS 0x0000000094600000, 0x0000000094600000| Untracked 
| 327|0x0000000094700000, 0x0000000094700000, 0x0000000094800000|  0%| F|  |TAMS 0x0000000094700000, 0x0000000094700000| Untracked 
| 328|0x0000000094800000, 0x0000000094800000, 0x0000000094900000|  0%| F|  |TAMS 0x0000000094800000, 0x0000000094800000| Untracked 
| 329|0x0000000094900000, 0x0000000094900000, 0x0000000094a00000|  0%| F|  |TAMS 0x0000000094900000, 0x0000000094900000| Untracked 
| 330|0x0000000094a00000, 0x0000000094a00000, 0x0000000094b00000|  0%| F|  |TAMS 0x0000000094a00000, 0x0000000094a00000| Untracked 
| 331|0x0000000094b00000, 0x0000000094b00000, 0x0000000094c00000|  0%| F|  |TAMS 0x0000000094b00000, 0x0000000094b00000| Untracked 
| 332|0x0000000094c00000, 0x0000000094c00000, 0x0000000094d00000|  0%| F|  |TAMS 0x0000000094c00000, 0x0000000094c00000| Untracked 
| 333|0x0000000094d00000, 0x0000000094d00000, 0x0000000094e00000|  0%| F|  |TAMS 0x0000000094d00000, 0x0000000094d00000| Untracked 
| 334|0x0000000094e00000, 0x0000000094e00000, 0x0000000094f00000|  0%| F|  |TAMS 0x0000000094e00000, 0x0000000094e00000| Untracked 
| 335|0x0000000094f00000, 0x0000000094f00000, 0x0000000095000000|  0%| F|  |TAMS 0x0000000094f00000, 0x0000000094f00000| Untracked 
| 336|0x0000000095000000, 0x0000000095000000, 0x0000000095100000|  0%| F|  |TAMS 0x0000000095000000, 0x0000000095000000| Untracked 
| 337|0x0000000095100000, 0x0000000095100000, 0x0000000095200000|  0%| F|  |TAMS 0x0000000095100000, 0x0000000095100000| Untracked 
| 338|0x0000000095200000, 0x0000000095200000, 0x0000000095300000|  0%| F|  |TAMS 0x0000000095200000, 0x0000000095200000| Untracked 
| 339|0x0000000095300000, 0x0000000095300000, 0x0000000095400000|  0%| F|  |TAMS 0x0000000095300000, 0x0000000095300000| Untracked 
| 340|0x0000000095400000, 0x0000000095400000, 0x0000000095500000|  0%| F|  |TAMS 0x0000000095400000, 0x0000000095400000| Untracked 
| 341|0x0000000095500000, 0x0000000095500000, 0x0000000095600000|  0%| F|  |TAMS 0x0000000095500000, 0x0000000095500000| Untracked 
| 342|0x0000000095600000, 0x0000000095600000, 0x0000000095700000|  0%| F|  |TAMS 0x0000000095600000, 0x0000000095600000| Untracked 
| 343|0x0000000095700000, 0x0000000095700000, 0x0000000095800000|  0%| F|  |TAMS 0x0000000095700000, 0x0000000095700000| Untracked 
| 344|0x0000000095800000, 0x0000000095800000, 0x0000000095900000|  0%| F|  |TAMS 0x0000000095800000, 0x0000000095800000| Untracked 
| 345|0x0000000095900000, 0x0000000095900000, 0x0000000095a00000|  0%| F|  |TAMS 0x0000000095900000, 0x0000000095900000| Untracked 
| 346|0x0000000095a00000, 0x0000000095a00000, 0x0000000095b00000|  0%| F|  |TAMS 0x0000000095a00000, 0x0000000095a00000| Untracked 
| 347|0x0000000095b00000, 0x0000000095b00000, 0x0000000095c00000|  0%| F|  |TAMS 0x0000000095b00000, 0x0000000095b00000| Untracked 
| 348|0x0000000095c00000, 0x0000000095c00000, 0x0000000095d00000|  0%| F|  |TAMS 0x0000000095c00000, 0x0000000095c00000| Untracked 
| 349|0x0000000095d00000, 0x0000000095d00000, 0x0000000095e00000|  0%| F|  |TAMS 0x0000000095d00000, 0x0000000095d00000| Untracked 
| 350|0x0000000095e00000, 0x0000000095e00000, 0x0000000095f00000|  0%| F|  |TAMS 0x0000000095e00000, 0x0000000095e00000| Untracked 
| 351|0x0000000095f00000, 0x0000000095f00000, 0x0000000096000000|  0%| F|  |TAMS 0x0000000095f00000, 0x0000000095f00000| Untracked 
| 352|0x0000000096000000, 0x0000000096000000, 0x0000000096100000|  0%| F|  |TAMS 0x0000000096000000, 0x0000000096000000| Untracked 
| 353|0x0000000096100000, 0x0000000096100000, 0x0000000096200000|  0%| F|  |TAMS 0x0000000096100000, 0x0000000096100000| Untracked 
| 354|0x0000000096200000, 0x0000000096200000, 0x0000000096300000|  0%| F|  |TAMS 0x0000000096200000, 0x0000000096200000| Untracked 
| 355|0x0000000096300000, 0x0000000096300000, 0x0000000096400000|  0%| F|  |TAMS 0x0000000096300000, 0x0000000096300000| Untracked 
| 356|0x0000000096400000, 0x0000000096400000, 0x0000000096500000|  0%| F|  |TAMS 0x0000000096400000, 0x0000000096400000| Untracked 
| 357|0x0000000096500000, 0x0000000096500000, 0x0000000096600000|  0%| F|  |TAMS 0x0000000096500000, 0x0000000096500000| Untracked 
| 358|0x0000000096600000, 0x0000000096600000, 0x0000000096700000|  0%| F|  |TAMS 0x0000000096600000, 0x0000000096600000| Untracked 
| 359|0x0000000096700000, 0x0000000096700000, 0x0000000096800000|  0%| F|  |TAMS 0x0000000096700000, 0x0000000096700000| Untracked 
| 360|0x0000000096800000, 0x0000000096800000, 0x0000000096900000|  0%| F|  |TAMS 0x0000000096800000, 0x0000000096800000| Untracked 
| 361|0x0000000096900000, 0x0000000096900000, 0x0000000096a00000|  0%| F|  |TAMS 0x0000000096900000, 0x0000000096900000| Untracked 
| 362|0x0000000096a00000, 0x0000000096a00000, 0x0000000096b00000|  0%| F|  |TAMS 0x0000000096a00000, 0x0000000096a00000| Untracked 
| 363|0x0000000096b00000, 0x0000000096b00000, 0x0000000096c00000|  0%| F|  |TAMS 0x0000000096b00000, 0x0000000096b00000| Untracked 
| 364|0x0000000096c00000, 0x0000000096c00000, 0x0000000096d00000|  0%| F|  |TAMS 0x0000000096c00000, 0x0000000096c00000| Untracked 
| 365|0x0000000096d00000, 0x0000000096d00000, 0x0000000096e00000|  0%| F|  |TAMS 0x0000000096d00000, 0x0000000096d00000| Untracked 
| 366|0x0000000096e00000, 0x0000000096e00000, 0x0000000096f00000|  0%| F|  |TAMS 0x0000000096e00000, 0x0000000096e00000| Untracked 
| 367|0x0000000096f00000, 0x0000000096f00000, 0x0000000097000000|  0%| F|  |TAMS 0x0000000096f00000, 0x0000000096f00000| Untracked 
| 368|0x0000000097000000, 0x0000000097000000, 0x0000000097100000|  0%| F|  |TAMS 0x0000000097000000, 0x0000000097000000| Untracked 
| 369|0x0000000097100000, 0x0000000097100000, 0x0000000097200000|  0%| F|  |TAMS 0x0000000097100000, 0x0000000097100000| Untracked 
| 370|0x0000000097200000, 0x0000000097200000, 0x0000000097300000|  0%| F|  |TAMS 0x0000000097200000, 0x0000000097200000| Untracked 
| 371|0x0000000097300000, 0x0000000097300000, 0x0000000097400000|  0%| F|  |TAMS 0x0000000097300000, 0x0000000097300000| Untracked 
| 372|0x0000000097400000, 0x0000000097400000, 0x0000000097500000|  0%| F|  |TAMS 0x0000000097400000, 0x0000000097400000| Untracked 
| 373|0x0000000097500000, 0x0000000097500000, 0x0000000097600000|  0%| F|  |TAMS 0x0000000097500000, 0x0000000097500000| Untracked 
| 374|0x0000000097600000, 0x0000000097600000, 0x0000000097700000|  0%| F|  |TAMS 0x0000000097600000, 0x0000000097600000| Untracked 
| 375|0x0000000097700000, 0x0000000097700000, 0x0000000097800000|  0%| F|  |TAMS 0x0000000097700000, 0x0000000097700000| Untracked 
| 376|0x0000000097800000, 0x0000000097800000, 0x0000000097900000|  0%| F|  |TAMS 0x0000000097800000, 0x0000000097800000| Untracked 
| 377|0x0000000097900000, 0x0000000097900000, 0x0000000097a00000|  0%| F|  |TAMS 0x0000000097900000, 0x0000000097900000| Untracked 
| 378|0x0000000097a00000, 0x0000000097a00000, 0x0000000097b00000|  0%| F|  |TAMS 0x0000000097a00000, 0x0000000097a00000| Untracked 
| 379|0x0000000097b00000, 0x0000000097b00000, 0x0000000097c00000|  0%| F|  |TAMS 0x0000000097b00000, 0x0000000097b00000| Untracked 
| 380|0x0000000097c00000, 0x0000000097c00000, 0x0000000097d00000|  0%| F|  |TAMS 0x0000000097c00000, 0x0000000097c00000| Untracked 
| 381|0x0000000097d00000, 0x0000000097d00000, 0x0000000097e00000|  0%| F|  |TAMS 0x0000000097d00000, 0x0000000097d00000| Untracked 
| 382|0x0000000097e00000, 0x0000000097e00000, 0x0000000097f00000|  0%| F|  |TAMS 0x0000000097e00000, 0x0000000097e00000| Untracked 
| 383|0x0000000097f00000, 0x0000000097f00000, 0x0000000098000000|  0%| F|  |TAMS 0x0000000097f00000, 0x0000000097f00000| Untracked 

Card table byte_map: [0x0000017441a70000,0x0000017441e70000] _byte_map_base: 0x0000017441670000

Marking Bits (Prev, Next): (CMBitMap*) 0x0000017429d19be0, (CMBitMap*) 0x0000017429d19ba8
 Prev Bits: [0x0000017444270000, 0x0000017446270000)
 Next Bits: [0x0000017442270000, 0x0000017444270000)

Polling page: 0x0000017429dc0000

Metaspace:

Usage:
  Non-class:    109.20 MB capacity,   106.93 MB ( 98%) used,     1.78 MB (  2%) free+waste,   496.38 KB ( <1%) overhead. 
      Class:     17.19 MB capacity,    15.74 MB ( 92%) used,     1.25 MB (  7%) free+waste,   205.94 KB (  1%) overhead. 
       Both:    126.39 MB capacity,   122.67 MB ( 97%) used,     3.03 MB (  2%) free+waste,   702.31 KB ( <1%) overhead. 

Virtual space:
  Non-class space:      112.00 MB reserved,     110.27 MB ( 98%) committed 
      Class space:      504.00 MB reserved,      17.90 MB (  4%) committed 
             Both:      616.00 MB reserved,     128.16 MB ( 21%) committed 

Chunk freelists:
   Non-Class:  128.88 KB
       Class:  75.38 KB
        Both:  204.25 KB

CodeHeap 'non-profiled nmethods': size=120064Kb used=13357Kb max_used=13357Kb free=106706Kb
 bounds [0x0000017439b10000, 0x000001743a820000, 0x0000017441050000]
CodeHeap 'profiled nmethods': size=120000Kb used=44444Kb max_used=44444Kb free=75555Kb
 bounds [0x00000174325e0000, 0x0000017435170000, 0x0000017439b10000]
CodeHeap 'non-nmethods': size=5696Kb used=2351Kb max_used=2418Kb free=3344Kb
 bounds [0x0000017432050000, 0x00000174322d0000, 0x00000174325e0000]
 total_blobs=28303 nmethods=19232 adapters=877
 compilation: enabled
              stopped_count=0, restarted_count=0
 full_count=0

Compilation events (10 events):
Event: 3528.621 Thread 0x00000174488f6000 21779       3       com.android.tools.r8.internal.h9::a (169 bytes)
Event: 3528.624 Thread 0x00000174488f6000 nmethod 21779 0x0000017435165e10 code [0x00000174351663a0, 0x0000017435169c60]
Event: 3528.643 Thread 0x00000174488f6000 21781       2       com.android.tools.r8.graph.u2$$Lambda$2235/0x0000000101156040::accept (24 bytes)
Event: 3528.643 Thread 0x00000174488f6000 nmethod 21781 0x000001743516ac90 code [0x000001743516ae60, 0x000001743516b180]
Event: 3528.643 Thread 0x00000174488f6000 21782       2       com.android.tools.r8.graph.u2::a (25 bytes)
Event: 3528.644 Thread 0x00000174488f6000 nmethod 21782 0x000001743516b310 code [0x000001743516b4e0, 0x000001743516b760]
Event: 3528.670 Thread 0x00000174488f6000 21784       2       com.android.tools.r8.internal.Zq::l (2 bytes)
Event: 3528.670 Thread 0x00000174488f6000 nmethod 21784 0x000001743516b890 code [0x000001743516ba40, 0x000001743516bb98]
Event: 3528.687 Thread 0x00000174488f6000 21785       1       com.android.tools.r8.internal.Uv::o2 (3 bytes)
Event: 3528.687 Thread 0x00000174488f6000 nmethod 21785 0x000001743a81c990 code [0x000001743a81cb40, 0x000001743a81cc58]

GC Heap History (10 events):
Event: 3524.801 GC heap after
{Heap after GC invocations=86 (full 0):
 garbage-first heap   total 227328K, used 145376K [0x0000000080000000, 0x0000000100000000)
  region size 1024K, 1 young (1024K), 1 survivors (1024K)
 Metaspace       used 124277K, capacity 127974K, committed 130344K, reserved 628736K
  class space    used 15975K, capacity 17387K, committed 18200K, reserved 516096K
}
Event: 3524.878 GC heap before
{Heap before GC invocations=86 (full 0):
 garbage-first heap   total 227328K, used 154592K [0x0000000080000000, 0x0000000100000000)
  region size 1024K, 11 young (11264K), 1 survivors (1024K)
 Metaspace       used 124335K, capacity 128006K, committed 130344K, reserved 628736K
  class space    used 15979K, capacity 17395K, committed 18200K, reserved 516096K
}
Event: 3524.907 GC heap after
{Heap after GC invocations=87 (full 0):
 garbage-first heap   total 393216K, used 133202K [0x0000000080000000, 0x0000000100000000)
  region size 1024K, 2 young (2048K), 2 survivors (2048K)
 Metaspace       used 124335K, capacity 128006K, committed 130344K, reserved 628736K
  class space    used 15979K, capacity 17395K, committed 18200K, reserved 516096K
}
Event: 3525.592 GC heap before
{Heap before GC invocations=87 (full 0):
 garbage-first heap   total 393216K, used 219218K [0x0000000080000000, 0x0000000100000000)
  region size 1024K, 86 young (88064K), 2 survivors (2048K)
 Metaspace       used 124537K, capacity 128238K, committed 130600K, reserved 628736K
  class space    used 15989K, capacity 17401K, committed 18200K, reserved 516096K
}
Event: 3525.607 GC heap after
{Heap after GC invocations=88 (full 0):
 garbage-first heap   total 393216K, used 138280K [0x0000000080000000, 0x0000000100000000)
  region size 1024K, 7 young (7168K), 7 survivors (7168K)
 Metaspace       used 124537K, capacity 128238K, committed 130600K, reserved 628736K
  class space    used 15989K, capacity 17401K, committed 18200K, reserved 516096K
}
Event: 3526.441 GC heap before
{Heap before GC invocations=88 (full 0):
 garbage-first heap   total 393216K, used 235560K [0x0000000080000000, 0x0000000100000000)
  region size 1024K, 103 young (105472K), 7 survivors (7168K)
 Metaspace       used 124772K, capacity 128441K, committed 130856K, reserved 630784K
  class space    used 16010K, capacity 17418K, committed 18200K, reserved 516096K
}
Event: 3526.454 GC heap after
{Heap after GC invocations=89 (full 0):
 garbage-first heap   total 393216K, used 139967K [0x0000000080000000, 0x0000000100000000)
  region size 1024K, 8 young (8192K), 8 survivors (8192K)
 Metaspace       used 124772K, capacity 128441K, committed 130856K, reserved 630784K
  class space    used 16010K, capacity 17418K, committed 18200K, reserved 516096K
}
Event: 3527.459 GC heap before
{Heap before GC invocations=89 (full 0):
 garbage-first heap   total 393216K, used 276159K [0x0000000080000000, 0x0000000100000000)
  region size 1024K, 141 young (144384K), 8 survivors (8192K)
 Metaspace       used 124885K, capacity 128542K, committed 130856K, reserved 630784K
  class space    used 16017K, capacity 17427K, committed 18200K, reserved 516096K
}
Event: 3527.487 GC heap after
{Heap after GC invocations=90 (full 0):
 garbage-first heap   total 393216K, used 139967K [0x0000000080000000, 0x0000000100000000)
  region size 1024K, 8 young (8192K), 8 survivors (8192K)
 Metaspace       used 124885K, capacity 128542K, committed 130856K, reserved 630784K
  class space    used 16017K, capacity 17427K, committed 18200K, reserved 516096K
}
Event: 3528.698 GC heap before
{Heap before GC invocations=90 (full 0):
 garbage-first heap   total 393216K, used 280255K [0x0000000080000000, 0x0000000100000000)
  region size 1024K, 145 young (148480K), 8 survivors (8192K)
 Metaspace       used 125616K, capacity 129422K, committed 131240K, reserved 630784K
  class space    used 16120K, capacity 17605K, committed 18328K, reserved 516096K
}

Deoptimization events (10 events):
Event: 3528.106 Thread 0x000001744a559000 Uncommon trap: reason=class_check action=maybe_recompile pc=0x000001743a6eb13c method=com.android.tools.r8.internal.Kx.hasNext()Z @ 98 c2
Event: 3528.106 Thread 0x000001745379e000 Uncommon trap: reason=range_check action=make_not_entrant pc=0x000001743a6d8e84 method=com.android.tools.r8.graph.e1.a(Lcom/android/tools/r8/graph/e1;)I @ 9 c2
Event: 3528.106 Thread 0x000001745379e000 Uncommon trap: reason=range_check action=make_not_entrant pc=0x000001743a6d5fa4 method=com.android.tools.r8.graph.e1.a(Lcom/android/tools/r8/graph/e1;)I @ 26 c2
Event: 3528.106 Thread 0x000001745379e000 Uncommon trap: reason=array_check action=maybe_recompile pc=0x000001743a7d5450 method=java.util.IdentityHashMap$KeySet.toArray([Ljava/lang/Object;)[Ljava/lang/Object; @ 93 c2
Event: 3528.108 Thread 0x000001744a559000 Uncommon trap: reason=class_check action=maybe_recompile pc=0x000001743a6eb13c method=com.android.tools.r8.internal.Kx.hasNext()Z @ 98 c2
Event: 3528.108 Thread 0x000001744a559000 Uncommon trap: reason=class_check action=maybe_recompile pc=0x000001743a6eb13c method=com.android.tools.r8.internal.Kx.hasNext()Z @ 98 c2
Event: 3528.108 Thread 0x000001744a559000 Uncommon trap: reason=class_check action=maybe_recompile pc=0x000001743a6eb13c method=com.android.tools.r8.internal.Kx.hasNext()Z @ 98 c2
Event: 3528.173 Thread 0x000001744a559000 Uncommon trap: reason=unstable_if action=reinterpret pc=0x000001743a5f5f2c method=java.lang.StringLatin1.lastIndexOf([BI[BII)I @ 111 c2
Event: 3528.173 Thread 0x000001744a559000 Uncommon trap: reason=unstable_if action=reinterpret pc=0x000001743a201858 method=java.lang.StringLatin1.lastIndexOf([BI[BII)I @ 111 c2
Event: 3528.180 Thread 0x000001744a559000 Uncommon trap: reason=unstable_if action=reinterpret pc=0x000001743a51f98c method=java.util.IdentityHashMap.maskNull(Ljava/lang/Object;)Ljava/lang/Object; @ 1 c2

Classes redefined (0 events):
No events

Internal exceptions (10 events):
Event: 3527.651 Thread 0x000001744d184000 Exception <a 'sun/nio/fs/WindowsException'{0x0000000096d001f8}> (0x0000000096d001f8) thrown at [t:/workspace/open/src/hotspot/share/prims/jni.cpp, line 615]
Event: 3527.660 Thread 0x000001744d184000 Exception <a 'sun/nio/fs/WindowsException'{0x0000000096dfb370}> (0x0000000096dfb370) thrown at [t:/workspace/open/src/hotspot/share/prims/jni.cpp, line 615]
Event: 3527.863 Thread 0x000001744a559000 Implicit null exception at 0x000001743a44826f to 0x000001743a4483b2
Event: 3527.991 Thread 0x000001744d184000 Exception <a 'sun/nio/fs/WindowsException'{0x0000000094791cd8}> (0x0000000094791cd8) thrown at [t:/workspace/open/src/hotspot/share/prims/jni.cpp, line 615]
Event: 3528.099 Thread 0x000001745379e000 Exception <a 'sun/nio/fs/WindowsException'{0x0000000094fe3120}> (0x0000000094fe3120) thrown at [t:/workspace/open/src/hotspot/share/prims/jni.cpp, line 615]
Event: 3528.109 Thread 0x000001745379e000 Exception <a 'sun/nio/fs/WindowsException'{0x0000000093b6e250}> (0x0000000093b6e250) thrown at [t:/workspace/open/src/hotspot/share/prims/jni.cpp, line 615]
Event: 3528.180 Thread 0x000001744a559000 Implicit null exception at 0x000001743a51f86f to 0x000001743a51f97a
Event: 3528.322 Thread 0x000001744d184000 Exception <a 'sun/nio/fs/WindowsException'{0x00000000928a4180}> (0x00000000928a4180) thrown at [t:/workspace/open/src/hotspot/share/prims/jni.cpp, line 615]
Event: 3528.381 Thread 0x000001744a559000 Exception <a 'sun/nio/fs/WindowsException'{0x000000009223c8b8}> (0x000000009223c8b8) thrown at [t:/workspace/open/src/hotspot/share/prims/jni.cpp, line 615]
Event: 3528.569 Thread 0x000001745379e000 Exception <a 'sun/nio/fs/WindowsException'{0x0000000090e2e6d8}> (0x0000000090e2e6d8) thrown at [t:/workspace/open/src/hotspot/share/prims/jni.cpp, line 615]

Events (10 events):
Event: 3528.580 Thread 0x000001745379e000 DEOPT UNPACKING pc=0x0000017432078cce sp=0x000000118d5f91c0 mode 0
Event: 3528.623 Thread 0x000001744d189800 DEOPT PACKING pc=0x00000174351028f4 sp=0x000000118f5f92c0
Event: 3528.623 Thread 0x000001744d189800 DEOPT UNPACKING pc=0x0000017432078cce sp=0x000000118f5f88c8 mode 0
Event: 3528.629 Thread 0x000001744d184000 DEOPT PACKING pc=0x00000174346fa013 sp=0x000000118f1f85c0
Event: 3528.629 Thread 0x000001744d184000 DEOPT UNPACKING pc=0x0000017432078cce sp=0x000000118f1f7ad8 mode 0
Event: 3528.637 Thread 0x000001744a559000 DEOPT PACKING pc=0x00000174346fa013 sp=0x000000118dbfad20
Event: 3528.637 Thread 0x000001744a559000 DEOPT UNPACKING pc=0x0000017432078cce sp=0x000000118dbfa238 mode 0
Event: 3528.642 Executing VM operation: RevokeBias
Event: 3528.643 Executing VM operation: RevokeBias done
Event: 3528.697 Executing VM operation: G1CollectForAllocation


Dynamic libraries:
0x00007ff75cd60000 - 0x00007ff75cda5000 	C:\Program Files\jdk-11.0.2\bin\java.exe
0x00007ff912bf0000 - 0x00007ff912de8000 	C:\Windows\SYSTEM32\ntdll.dll
0x00007ff9113a0000 - 0x00007ff91145f000 	C:\Windows\System32\KERNEL32.DLL
0x00007ff910420000 - 0x00007ff910716000 	C:\Windows\System32\KERNELBASE.dll
0x00007ff911610000 - 0x00007ff9117ad000 	C:\Windows\System32\USER32.dll
0x00007ff9102d0000 - 0x00007ff9102f2000 	C:\Windows\System32\win32u.dll
0x00007ff911810000 - 0x00007ff91183c000 	C:\Windows\System32\GDI32.dll
0x00007ff910720000 - 0x00007ff910835000 	C:\Windows\System32\gdi32full.dll
0x00007ff9109d0000 - 0x00007ff910a6d000 	C:\Windows\System32\msvcp_win.dll
0x00007ff910b00000 - 0x00007ff910c00000 	C:\Windows\System32\ucrtbase.dll
0x00007ff901520000 - 0x00007ff9017ba000 	C:\Windows\WinSxS\amd64_microsoft.windows.common-controls_6595b64144ccf1df_6.0.19041.1110_none_60b5254171f9507e\COMCTL32.dll
0x00007ff911460000 - 0x00007ff9114fe000 	C:\Windows\System32\msvcrt.dll
0x00007ff9125c0000 - 0x00007ff9125f0000 	C:\Windows\System32\IMM32.DLL
0x00007ff902b00000 - 0x00007ff902b16000 	C:\Program Files\jdk-11.0.2\bin\vcruntime140.dll
0x00007ff8e21d0000 - 0x00007ff8e227a000 	C:\Program Files\jdk-11.0.2\bin\msvcp140.dll
0x00007ff89ef50000 - 0x00007ff89fa73000 	C:\Program Files\jdk-11.0.2\bin\server\jvm.dll
0x00007ff911560000 - 0x00007ff91160f000 	C:\Windows\System32\ADVAPI32.dll
0x00007ff912520000 - 0x00007ff9125bc000 	C:\Windows\System32\sechost.dll
0x00007ff911b40000 - 0x00007ff911c66000 	C:\Windows\System32\RPCRT4.dll
0x00007ff911970000 - 0x00007ff911978000 	C:\Windows\System32\PSAPI.DLL
0x00007ff904630000 - 0x00007ff904657000 	C:\Windows\SYSTEM32\WINMM.dll
0x00007ff90f6f0000 - 0x00007ff90f6f9000 	C:\Windows\SYSTEM32\WSOCK32.dll
0x00007ff912950000 - 0x00007ff9129bb000 	C:\Windows\System32\WS2_32.dll
0x00007ff905730000 - 0x00007ff90573a000 	C:\Windows\SYSTEM32\VERSION.dll
0x00007ff90e480000 - 0x00007ff90e492000 	C:\Windows\SYSTEM32\kernel.appcore.dll
0x00007ff902ae0000 - 0x00007ff902af1000 	C:\Program Files\jdk-11.0.2\bin\verify.dll
0x00007ff90fb40000 - 0x00007ff90fd24000 	C:\Windows\SYSTEM32\DBGHELP.DLL
0x00007ff90fa80000 - 0x00007ff90fab4000 	C:\Windows\SYSTEM32\dbgcore.DLL
0x00007ff910a70000 - 0x00007ff910af2000 	C:\Windows\System32\bcryptPrimitives.dll
0x00007ff9028e0000 - 0x00007ff902908000 	C:\Program Files\jdk-11.0.2\bin\java.dll
0x00007ff902a50000 - 0x00007ff902a66000 	C:\Program Files\jdk-11.0.2\bin\zip.dll
0x00007ff902ef0000 - 0x00007ff902efa000 	C:\Program Files\jdk-11.0.2\bin\jimage.dll
0x00007ff910c50000 - 0x00007ff911394000 	C:\Windows\System32\SHELL32.dll
0x00007ff90dce0000 - 0x00007ff90e473000 	C:\Windows\SYSTEM32\windows.storage.dll
0x00007ff9125f0000 - 0x00007ff912944000 	C:\Windows\System32\combase.dll
0x00007ff90f5f0000 - 0x00007ff90f61e000 	C:\Windows\SYSTEM32\Wldp.dll
0x00007ff9121e0000 - 0x00007ff91228d000 	C:\Windows\System32\SHCORE.dll
0x00007ff912b50000 - 0x00007ff912ba5000 	C:\Windows\System32\shlwapi.dll
0x00007ff910200000 - 0x00007ff910225000 	C:\Windows\SYSTEM32\profapi.dll
0x00007ff901cc0000 - 0x00007ff901cd9000 	C:\Program Files\jdk-11.0.2\bin\net.dll
0x00007ff907f80000 - 0x00007ff90808a000 	C:\Windows\SYSTEM32\WINHTTP.dll
0x00007ff8fdd20000 - 0x00007ff8fdf0d000 	C:\Windows\SYSTEM32\urlmon.dll
0x00007ff900900000 - 0x00007ff900bbc000 	C:\Windows\SYSTEM32\iertutil.dll
0x00007ff8fdae0000 - 0x00007ff8fdb09000 	C:\Windows\SYSTEM32\srvcli.dll
0x00007ff90f040000 - 0x00007ff90f04c000 	C:\Windows\SYSTEM32\netutils.dll
0x00007ff90f370000 - 0x00007ff90f3da000 	C:\Windows\system32\mswsock.dll
0x00007ff901ca0000 - 0x00007ff901cb3000 	C:\Program Files\jdk-11.0.2\bin\nio.dll
0x00007ff8e24f0000 - 0x00007ff8e2517000 	C:\Users\hasee\.gradle\native\68d5fa5c4cc2d200863cafc0d521ce42e7d3e7ee720ec0a83991735586a16f82\windows-amd64\native-platform.dll
0x00007ff8c9830000 - 0x00007ff8c9974000 	C:\Users\hasee\.gradle\native\e376f236ea51e6404a007f0833ffe2c6e607c4080706a723a18a27aeea778392\windows-amd64\native-platform-file-events.dll
0x00007ff9028d0000 - 0x00007ff9028d9000 	C:\Program Files\jdk-11.0.2\bin\management.dll
0x00007ff901f10000 - 0x00007ff901f1c000 	C:\Program Files\jdk-11.0.2\bin\management_ext.dll
0x00007ff90ff20000 - 0x00007ff90ff38000 	C:\Windows\SYSTEM32\CRYPTSP.dll
0x00007ff90ec80000 - 0x00007ff90ecb4000 	C:\Windows\system32\rsaenh.dll
0x00007ff9109a0000 - 0x00007ff9109c7000 	C:\Windows\System32\bcrypt.dll
0x00007ff9101c0000 - 0x00007ff9101ee000 	C:\Windows\SYSTEM32\USERENV.dll
0x00007ff90f560000 - 0x00007ff90f56c000 	C:\Windows\SYSTEM32\CRYPTBASE.dll
0x00007ff90f000000 - 0x00007ff90f03b000 	C:\Windows\SYSTEM32\IPHLPAPI.DLL
0x00007ff912360000 - 0x00007ff912368000 	C:\Windows\System32\NSI.dll
0x00007ff908f50000 - 0x00007ff908f67000 	C:\Windows\SYSTEM32\dhcpcsvc6.DLL
0x00007ff9083e0000 - 0x00007ff9083fd000 	C:\Windows\SYSTEM32\dhcpcsvc.DLL
0x00007ff90f050000 - 0x00007ff90f11a000 	C:\Windows\SYSTEM32\DNSAPI.dll

dbghelp: loaded successfully - version: 4.0.5 - missing functions: none
symbol engine: initialized successfully - sym options: 0x614 - pdb path: .;C:\Program Files\jdk-11.0.2\bin;C:\Windows\SYSTEM32;C:\Windows\WinSxS\amd64_microsoft.windows.common-controls_6595b64144ccf1df_6.0.19041.1110_none_60b5254171f9507e;C:\Program Files\jdk-11.0.2\bin\server;C:\Users\hasee\.gradle\native\68d5fa5c4cc2d200863cafc0d521ce42e7d3e7ee720ec0a83991735586a16f82\windows-amd64;C:\Users\hasee\.gradle\native\e376f236ea51e6404a007f0833ffe2c6e607c4080706a723a18a27aeea778392\windows-amd64

VM Arguments:
jvm_args: -XX:MaxMetaspaceSize=512m --add-opens=java.base/java.util=ALL-UNNAMED --add-opens=java.base/java.lang=ALL-UNNAMED --add-opens=java.base/java.lang.invoke=ALL-UNNAMED --add-opens=java.prefs/java.util.prefs=ALL-UNNAMED --add-opens=java.base/java.nio.charset=ALL-UNNAMED --add-opens=java.base/java.net=ALL-UNNAMED --add-opens=java.base/java.util.concurrent.atomic=ALL-UNNAMED -Xmx2048m -Dfile.encoding=windows-1252 -Duser.country=US -Duser.language=en -Duser.variant 
java_command: org.gradle.launcher.daemon.bootstrap.GradleDaemon 8.0.1
java_class_path (initial): C:\Users\hasee\.gradle\wrapper\dists\gradle-8.0.1-all\aro4hu1c3oeioove7l0i4i14o\gradle-8.0.1\lib\gradle-launcher-8.0.1.jar
Launcher Type: SUN_STANDARD

[Global flags]
     intx CICompilerCount                          = 3                                         {product} {ergonomic}
   size_t CompressedClassSpaceSize                 = 528482304                                 {product} {ergonomic}
     uint ConcGCThreads                            = 1                                         {product} {ergonomic}
     uint G1ConcRefinementThreads                  = 4                                         {product} {ergonomic}
   size_t G1HeapRegionSize                         = 1048576                                   {product} {ergonomic}
    uintx GCDrainStackTargetSize                   = 64                                        {product} {ergonomic}
   size_t InitialHeapSize                          = 134217728                                 {product} {ergonomic}
   size_t MarkStackSize                            = 4194304                                   {product} {ergonomic}
   size_t MaxHeapSize                              = 2147483648                                {product} {command line}
   size_t MaxMetaspaceSize                         = 536870912                                 {product} {command line}
   size_t MaxNewSize                               = 1287651328                                {product} {ergonomic}
   size_t MinHeapDeltaBytes                        = 1048576                                   {product} {ergonomic}
    uintx NonNMethodCodeHeapSize                   = 5830092                                {pd product} {ergonomic}
    uintx NonProfiledCodeHeapSize                  = 122914074                              {pd product} {ergonomic}
    uintx ProfiledCodeHeapSize                     = 122914074                              {pd product} {ergonomic}
    uintx ReservedCodeCacheSize                    = 251658240                              {pd product} {ergonomic}
     bool SegmentedCodeCache                       = true                                      {product} {ergonomic}
     bool UseCompressedClassPointers               = true                                 {lp64_product} {ergonomic}
     bool UseCompressedOops                        = true                                 {lp64_product} {ergonomic}
     bool UseG1GC                                  = true                                      {product} {ergonomic}
     bool UseLargePagesIndividualAllocation        = false                                  {pd product} {ergonomic}

Logging:
Log output configuration:
 #0: stdout all=warning uptime,level,tags
 #1: stderr all=off uptime,level,tags

Environment Variables:
JAVA_HOME=C:\Program Files\jdk-11.0.2
CLASSPATH=C:\Windows\System32\Hackhathontask\android\\gradle\wrapper\gradle-wrapper.jar
PATH=C:\Windows\System32\Hackhathontask\node_modules\.bin;C:\Windows\System32\Hackhathontask\node_modules\.bin;C:\Windows\System32\node_modules\.bin;C:\Windows\node_modules\.bin;C:\node_modules\.bin;C:\Users\hasee\AppData\Roaming\npm\node_modules\npm\node_modules\@npmcli\run-script\lib\node-gyp-bin;C:\Windows\System32\Hackhathontask\node_modules\.bin;C:\Windows\System32\node_modules\.bin;C:\Windows\node_modules\.bin;C:\node_modules\.bin;C:\Users\hasee\AppData\Roaming\npm\node_modules\npm\node_modules\@npmcli\run-script\lib\node-gyp-bin;C:\Program Files\jdk-11.0.2\bin;C:\Windows\system32;C:\Windows;C:\Windows\System32\Wbem;C:\Windows\System32\WindowsPowerShell\v1.0\;C:\Windows\System32\OpenSSH\;C:\Program Files\Microsoft SQL Server\150\Tools\Binn\;C:\Program Files\Microsoft SQL Server\Client SDK\ODBC\170\Tools\Binn\;C:\Program Files (x86)\Microsoft SQL Server\150\Tools\Binn\;C:\Program Files\Microsoft SQL Server\150\DTS\Binn\;C:\Program Files (x86)\Microsoft SQL Server\150\DTS\Binn\;C:\Program Files\Azure Data Studio\bin;C:\Program Files\Git\cmd;C:\Program Files\PuTTY\;C:\Program Files\Microsoft SQL Server\120\Tools\Binn\;C:\Users\hasee\node_modules\npm;C:\Program Files\Java\jdk-11\bin;C:\Users\hasee\AppData\Local\Programs\Python\Python311;C:\Users\hasee\AppData\Local\Programs\Python\Python311\Scripts;C:\Program Files\Graphviz\bin;C:\ProgramData\chocolatey\bin;C:\Program Files\nodejs\;C:\Users\hasee\AppData\Local\Android\Sdk\platform-tools;C:\Users\hasee\AppData\Local\Android\Sdk\tools;C:\Users\hasee\AppData\Local\Android\Sdk\tools;C:\Users\hasee\AppData\Local\Microsoft\WindowsApps;C:\Users\hasee\AppData\Local\Programs\Microsoft VS Code\bin;C:\Users\hasee\AppData\Roaming\npm;C:\src\flutter\bin;C:\src\flutter\bin
USERNAME=Haseeb
OS=Windows_NT
PROCESSOR_IDENTIFIER=Intel64 Family 6 Model 58 Stepping 9, GenuineIntel



---------------  S Y S T E M  ---------------

OS: Windows 10 , 64 bit Build 19041 (10.0.19041.3155)

CPU:total 4 (initial active 4) (2 cores per cpu, 2 threads per core) family 6 model 58 stepping 9, cmov, cx8, fxsr, mmx, sse, sse2, sse3, ssse3, sse4.1, sse4.2, popcnt, avx, aes, clmul, erms, ht, tsc, tscinvbit, tscinv

Memory: 4k page, system-wide physical 8065M (833M free)
TotalPageFile size 10113M (AvailPageFile size 185M)
current process WorkingSet (physical memory assigned to process): 696M, peak: 703M
current process commit charge ("private bytes"): 783M, peak: 1118M

vm_info: OpenJDK 64-Bit Server VM (11.0.2+9) for windows-amd64 JRE (11.0.2+9), built on Jan 18 2019 05:23:22 by "mach5one" with MS VC++ 15.5 (VS2017)

END.
